{"D:\\vue3.0+TS组件\\vue3-json-schema-form\\lib\\SchemaForm.tsx": {"path":"D:\\vue3.0+TS组件\\vue3-json-schema-form\\lib\\SchemaForm.tsx","statementMap":{"0":{"start":{"line":9,"column":0},"end":{"line":9,"column":null}},"1":{"start":{"line":12,"column":0},"end":{"line":12,"column":null}},"2":{"start":{"line":13,"column":0},"end":{"line":13,"column":null}},"3":{"start":{"line":14,"column":0},"end":{"line":14,"column":null}},"4":{"start":{"line":16,"column":0},"end":{"line":37,"column":null}},"5":{"start":{"line":20,"column":39},"end":{"line":20,"column":53}},"6":{"start":{"line":21,"column":2},"end":{"line":21,"column":null}},"7":{"start":{"line":22,"column":2},"end":{"line":35,"column":null}},"8":{"start":{"line":23,"column":29},"end":{"line":23,"column":34}},"9":{"start":{"line":24,"column":25},"end":{"line":26,"column":4}},"10":{"start":{"line":25,"column":4},"end":{"line":25,"column":null}},"11":{"start":{"line":27,"column":3},"end":{"line":32,"column":null}}},"fnMap":{"0":{"name":"(anonymous_1)","decl":{"start":{"line":19,"column":1},"end":{"line":19,"column":6}},"loc":{"start":{"line":19,"column":17},"end":{"line":36,"column":null}}},"1":{"name":"(anonymous_2)","decl":{"start":{"line":22,"column":9},"end":{"line":22,"column":14}},"loc":{"start":{"line":22,"column":14},"end":{"line":35,"column":3}}},"2":{"name":"(anonymous_3)","decl":{"start":{"line":24,"column":25},"end":{"line":24,"column":31}},"loc":{"start":{"line":24,"column":35},"end":{"line":26,"column":4}}}},"branchMap":{},"s":{"0":4,"1":4,"2":4,"3":4,"4":4,"5":10,"6":10,"7":10,"8":10,"9":10,"10":7,"11":10},"f":{"0":10,"1":10,"2":7},"b":{}}
,"D:\\vue3.0+TS组件\\vue3-json-schema-form\\lib\\SchemaItem.tsx": {"path":"D:\\vue3.0+TS组件\\vue3-json-schema-form\\lib\\SchemaItem.tsx","statementMap":{"0":{"start":{"line":9,"column":0},"end":{"line":9,"column":null}},"1":{"start":{"line":10,"column":0},"end":{"line":10,"column":null}},"2":{"start":{"line":11,"column":0},"end":{"line":11,"column":null}},"3":{"start":{"line":12,"column":0},"end":{"line":12,"column":null}},"4":{"start":{"line":13,"column":0},"end":{"line":13,"column":null}},"5":{"start":{"line":14,"column":0},"end":{"line":14,"column":null}},"6":{"start":{"line":15,"column":0},"end":{"line":15,"column":null}},"7":{"start":{"line":16,"column":0},"end":{"line":16,"column":null}},"8":{"start":{"line":17,"column":0},"end":{"line":52,"column":null}},"9":{"start":{"line":21,"column":29},"end":{"line":24,"column":4}},"10":{"start":{"line":22,"column":41},"end":{"line":22,"column":46}},"11":{"start":{"line":23,"column":3},"end":{"line":23,"column":null}},"12":{"start":{"line":25,"column":2},"end":{"line":50,"column":null}},"13":{"start":{"line":26,"column":22},"end":{"line":26,"column":27}},"14":{"start":{"line":27,"column":16},"end":{"line":27,"column":27}},"15":{"start":{"line":28,"column":27},"end":{"line":28,"column":51}},"16":{"start":{"line":33,"column":5},"end":{"line":33,"column":null}},"17":{"start":{"line":34,"column":5},"end":{"line":34,"column":null}},"18":{"start":{"line":36,"column":5},"end":{"line":36,"column":null}},"19":{"start":{"line":37,"column":5},"end":{"line":37,"column":null}},"20":{"start":{"line":39,"column":5},"end":{"line":39,"column":null}},"21":{"start":{"line":40,"column":5},"end":{"line":40,"column":null}},"22":{"start":{"line":42,"column":5},"end":{"line":42,"column":null}},"23":{"start":{"line":43,"column":5},"end":{"line":43,"column":null}},"24":{"start":{"line":46,"column":5},"end":{"line":46,"column":null}},"25":{"start":{"line":49,"column":3},"end":{"line":49,"column":null}}},"fnMap":{"0":{"name":"(anonymous_1)","decl":{"start":{"line":20,"column":1},"end":{"line":20,"column":6}},"loc":{"start":{"line":20,"column":12},"end":{"line":51,"column":null}}},"1":{"name":"(anonymous_2)","decl":{"start":{"line":21,"column":38},"end":{"line":21,"column":43}},"loc":{"start":{"line":21,"column":43},"end":{"line":24,"column":3}}},"2":{"name":"(anonymous_3)","decl":{"start":{"line":25,"column":9},"end":{"line":25,"column":14}},"loc":{"start":{"line":25,"column":14},"end":{"line":50,"column":3}}}},"branchMap":{"0":{"loc":{"start":{"line":32,"column":4},"end":{"line":34,"column":null}},"type":"switch","locations":[{"start":{"line":32,"column":4},"end":{"line":34,"column":null}},{"start":{"line":35,"column":4},"end":{"line":37,"column":null}},{"start":{"line":38,"column":4},"end":{"line":40,"column":null}}]}},"s":{"0":4,"1":4,"2":4,"3":4,"4":4,"5":4,"6":4,"7":4,"8":4,"9":26,"10":30,"11":30,"12":26,"13":32,"14":32,"15":32,"16":10,"17":10,"18":12,"19":12,"20":6,"21":6,"22":4,"23":4,"24":0,"25":32},"f":{"0":26,"1":30,"2":32},"b":{"0":[10,12,6]}}
,"D:\\vue3.0+TS组件\\vue3-json-schema-form\\lib\\context.ts": {"path":"D:\\vue3.0+TS组件\\vue3-json-schema-form\\lib\\context.ts","statementMap":{"0":{"start":{"line":1,"column":0},"end":{"line":1,"column":null}},"1":{"start":{"line":12,"column":13},"end":{"line":12,"column":null}},"2":{"start":{"line":15,"column":2},"end":{"line":15,"column":30}},"3":{"start":{"line":17,"column":2},"end":{"line":17,"column":null}},"4":{"start":{"line":19,"column":1},"end":{"line":19,"column":null}},"5":{"start":{"line":13,"column":0},"end":{"line":13,"column":16}}},"fnMap":{"0":{"name":"useVJSFContext","decl":{"start":{"line":13,"column":16},"end":{"line":13,"column":30}},"loc":{"start":{"line":13,"column":30},"end":{"line":20,"column":null}}}},"branchMap":{},"s":{"0":4,"1":4,"2":10,"3":0,"4":10,"5":4},"f":{"0":10},"b":{}}
,"D:\\vue3.0+TS组件\\vue3-json-schema-form\\lib\\index.ts": {"path":"D:\\vue3.0+TS组件\\vue3-json-schema-form\\lib\\index.ts","statementMap":{"0":{"start":{"line":9,"column":0},"end":{"line":9,"column":null}},"1":{"start":{"line":10,"column":0},"end":{"line":10,"column":7}},"2":{"start":{"line":15,"column":1},"end":{"line":10,"column":null}},"3":{"start":{"line":11,"column":0},"end":{"line":11,"column":7}},"4":{"start":{"line":16,"column":1},"end":{"line":11,"column":null}},"5":{"start":{"line":12,"column":0},"end":{"line":12,"column":7}},"6":{"start":{"line":17,"column":1},"end":{"line":12,"column":21}},"7":{"start":{"line":19,"column":1},"end":{"line":12,"column":null}},"8":{"start":{"line":13,"column":0},"end":{"line":13,"column":7}},"9":{"start":{"line":18,"column":1},"end":{"line":13,"column":null}},"10":{"start":{"line":21,"column":0},"end":{"line":21,"column":null}}},"fnMap":{"0":{"name":"(anonymous_7)","decl":{"start":{"line":19,"column":1},"end":{"line":19,"column":null}},"loc":{"start":{"line":19,"column":1},"end":{"line":12,"column":null}}}},"branchMap":{},"s":{"0":4,"1":4,"2":4,"3":4,"4":4,"5":4,"6":4,"7":5,"8":4,"9":4,"10":4},"f":{"0":1},"b":{}}
,"D:\\vue3.0+TS组件\\vue3-json-schema-form\\lib\\types.ts": {"path":"D:\\vue3.0+TS组件\\vue3-json-schema-form\\lib\\types.ts","statementMap":{"0":{"start":{"line":2,"column":0},"end":{"line":2,"column":null}},"1":{"start":{"line":3,"column":1},"end":{"line":3,"column":null}},"2":{"start":{"line":4,"column":1},"end":{"line":4,"column":null}},"3":{"start":{"line":5,"column":1},"end":{"line":5,"column":null}},"4":{"start":{"line":6,"column":1},"end":{"line":6,"column":null}},"5":{"start":{"line":7,"column":1},"end":{"line":7,"column":null}},"6":{"start":{"line":8,"column":1},"end":{"line":8,"column":null}},"7":{"start":{"line":46,"column":13},"end":{"line":68,"column":null}}},"fnMap":{"0":{"name":"(anonymous_0)","decl":{"start":{"line":2,"column":0},"end":{"line":2,"column":12}},"loc":{"start":{"line":2,"column":23},"end":{"line":9,"column":1}}}},"branchMap":{"0":{"loc":{"start":{"line":2,"column":12},"end":{"line":2,"column":null}},"type":"binary-expr","locations":[{"start":{"line":2,"column":12},"end":{"line":2,"column":23}},{"start":{"line":2,"column":12},"end":{"line":2,"column":null}}]}},"s":{"0":4,"1":4,"2":4,"3":4,"4":4,"5":4,"6":4,"7":4},"f":{"0":4},"b":{"0":[4,4]}}
,"D:\\vue3.0+TS组件\\vue3-json-schema-form\\lib\\utils.ts": {"path":"D:\\vue3.0+TS组件\\vue3-json-schema-form\\lib\\utils.ts","statementMap":{"0":{"start":{"line":1,"column":0},"end":{"line":1,"column":null}},"1":{"start":{"line":5,"column":0},"end":{"line":5,"column":null}},"2":{"start":{"line":6,"column":0},"end":{"line":6,"column":null}},"3":{"start":{"line":7,"column":0},"end":{"line":7,"column":null}},"4":{"start":{"line":10,"column":1},"end":{"line":10,"column":null}},"5":{"start":{"line":9,"column":0},"end":{"line":9,"column":16}},"6":{"start":{"line":14,"column":1},"end":{"line":14,"column":null}},"7":{"start":{"line":13,"column":0},"end":{"line":13,"column":16}},"8":{"start":{"line":22,"column":1},"end":{"line":22,"column":null}},"9":{"start":{"line":17,"column":0},"end":{"line":17,"column":16}},"10":{"start":{"line":29,"column":24},"end":{"line":29,"column":33}},"11":{"start":{"line":31,"column":15},"end":{"line":31,"column":53}},"12":{"start":{"line":32,"column":1},"end":{"line":35,"column":null}},"13":{"start":{"line":30,"column":0},"end":{"line":30,"column":16}},"14":{"start":{"line":45,"column":2},"end":{"line":45,"column":null}},"15":{"start":{"line":47,"column":25},"end":{"line":50,"column":null}},"16":{"start":{"line":52,"column":2},"end":{"line":52,"column":null}},"17":{"start":{"line":54,"column":2},"end":{"line":59,"column":null}},"18":{"start":{"line":57,"column":4},"end":{"line":57,"column":56}},"19":{"start":{"line":62,"column":2},"end":{"line":62,"column":null}},"20":{"start":{"line":39,"column":0},"end":{"line":39,"column":16}},"21":{"start":{"line":74,"column":2},"end":{"line":74,"column":null}},"22":{"start":{"line":76,"column":22},"end":{"line":76,"column":65}},"23":{"start":{"line":80,"column":3},"end":{"line":84,"column":null}},"24":{"start":{"line":86,"column":3},"end":{"line":86,"column":null}},"25":{"start":{"line":87,"column":52},"end":{"line":87,"column":66}},"26":{"start":{"line":88,"column":3},"end":{"line":88,"column":null}},"27":{"start":{"line":92,"column":2},"end":{"line":93,"column":47}},"28":{"start":{"line":96,"column":2},"end":{"line":100,"column":null}},"29":{"start":{"line":102,"column":1},"end":{"line":102,"column":null}},"30":{"start":{"line":103,"column":1},"end":{"line":103,"column":null}},"31":{"start":{"line":66,"column":0},"end":{"line":66,"column":16}},"32":{"start":{"line":106,"column":13},"end":{"line":106,"column":null}},"33":{"start":{"line":116,"column":1},"end":{"line":119,"column":null}},"34":{"start":{"line":121,"column":1},"end":{"line":144,"column":null}},"35":{"start":{"line":124,"column":3},"end":{"line":124,"column":null}},"36":{"start":{"line":129,"column":3},"end":{"line":133,"column":null}},"37":{"start":{"line":135,"column":3},"end":{"line":135,"column":null}},"38":{"start":{"line":137,"column":3},"end":{"line":137,"column":null}},"39":{"start":{"line":141,"column":3},"end":{"line":141,"column":null}},"40":{"start":{"line":143,"column":3},"end":{"line":143,"column":null}},"41":{"start":{"line":146,"column":1},"end":{"line":146,"column":null}},"42":{"start":{"line":108,"column":0},"end":{"line":108,"column":16}},"43":{"start":{"line":164,"column":20},"end":{"line":164,"column":65}},"44":{"start":{"line":166,"column":34},"end":{"line":166,"column":40}},"45":{"start":{"line":168,"column":1},"end":{"line":172,"column":null}},"46":{"start":{"line":176,"column":17},"end":{"line":176,"column":21}},"47":{"start":{"line":179,"column":2},"end":{"line":179,"column":null}},"48":{"start":{"line":181,"column":2},"end":{"line":181,"column":null}},"49":{"start":{"line":183,"column":17},"end":{"line":183,"column":50}},"50":{"start":{"line":185,"column":2},"end":{"line":185,"column":null}},"51":{"start":{"line":189,"column":2},"end":{"line":189,"column":null}},"52":{"start":{"line":191,"column":1},"end":{"line":191,"column":null}},"53":{"start":{"line":175,"column":0},"end":{"line":175,"column":16}},"54":{"start":{"line":200,"column":48},"end":{"line":200,"column":54}},"55":{"start":{"line":202,"column":2},"end":{"line":205,"column":null}},"56":{"start":{"line":207,"column":2},"end":{"line":210,"column":null}},"57":{"start":{"line":212,"column":1},"end":{"line":217,"column":null}},"58":{"start":{"line":229,"column":3},"end":{"line":229,"column":null}},"59":{"start":{"line":236,"column":3},"end":{"line":236,"column":null}},"60":{"start":{"line":239,"column":3},"end":{"line":239,"column":15}},"61":{"start":{"line":241,"column":3},"end":{"line":244,"column":null}},"62":{"start":{"line":246,"column":3},"end":{"line":252,"column":null}},"63":{"start":{"line":254,"column":2},"end":{"line":259,"column":null}},"64":{"start":{"line":261,"column":1},"end":{"line":261,"column":null}},"65":{"start":{"line":266,"column":2},"end":{"line":266,"column":null}},"66":{"start":{"line":268,"column":18},"end":{"line":270,"column":24}},"67":{"start":{"line":271,"column":1},"end":{"line":271,"column":null}},"68":{"start":{"line":282,"column":39},"end":{"line":285,"column":null}},"69":{"start":{"line":287,"column":1},"end":{"line":287,"column":null}},"70":{"start":{"line":290,"column":2},"end":{"line":290,"column":null}},"71":{"start":{"line":292,"column":2},"end":{"line":294,"column":null}},"72":{"start":{"line":297,"column":23},"end":{"line":300,"column":null}},"73":{"start":{"line":298,"column":2},"end":{"line":300,"column":14}},"74":{"start":{"line":302,"column":1},"end":{"line":308,"column":null}},"75":{"start":{"line":318,"column":25},"end":{"line":335,"column":3}},"76":{"start":{"line":320,"column":3},"end":{"line":320,"column":null}},"77":{"start":{"line":323,"column":3},"end":{"line":323,"column":23}},"78":{"start":{"line":325,"column":27},"end":{"line":330,"column":null}},"79":{"start":{"line":332,"column":22},"end":{"line":332,"column":61}},"80":{"start":{"line":333,"column":3},"end":{"line":333,"column":null}},"81":{"start":{"line":337,"column":2},"end":{"line":339,"column":null}},"82":{"start":{"line":340,"column":2},"end":{"line":340,"column":null}},"83":{"start":{"line":343,"column":19},"end":{"line":343,"column":37}},"84":{"start":{"line":345,"column":2},"end":{"line":345,"column":22}},"85":{"start":{"line":346,"column":25},"end":{"line":346,"column":73}},"86":{"start":{"line":347,"column":1},"end":{"line":351,"column":null}},"87":{"start":{"line":360,"column":13},"end":{"line":360,"column":36}},"88":{"start":{"line":361,"column":1},"end":{"line":382,"column":null}},"89":{"start":{"line":362,"column":15},"end":{"line":362,"column":36}},"90":{"start":{"line":363,"column":11},"end":{"line":363,"column":20}},"91":{"start":{"line":365,"column":3},"end":{"line":365,"column":null}},"92":{"start":{"line":377,"column":3},"end":{"line":377,"column":null}},"93":{"start":{"line":379,"column":3},"end":{"line":379,"column":null}},"94":{"start":{"line":381,"column":2},"end":{"line":381,"column":null}},"95":{"start":{"line":359,"column":0},"end":{"line":359,"column":16}},"96":{"start":{"line":395,"column":18},"end":{"line":395,"column":24}},"97":{"start":{"line":398,"column":2},"end":{"line":398,"column":null}},"98":{"start":{"line":402,"column":2},"end":{"line":402,"column":null}},"99":{"start":{"line":406,"column":2},"end":{"line":406,"column":null}},"100":{"start":{"line":409,"column":16},"end":{"line":409,"column":20}},"101":{"start":{"line":411,"column":2},"end":{"line":411,"column":null}},"102":{"start":{"line":411,"column":26},"end":{"line":411,"column":41}},"103":{"start":{"line":414,"column":1},"end":{"line":414,"column":null}},"104":{"start":{"line":394,"column":0},"end":{"line":394,"column":16}},"105":{"start":{"line":443,"column":25},"end":{"line":459,"column":1}},"106":{"start":{"line":445,"column":2},"end":{"line":445,"column":null}},"107":{"start":{"line":447,"column":2},"end":{"line":447,"column":null}},"108":{"start":{"line":449,"column":2},"end":{"line":449,"column":null}},"109":{"start":{"line":451,"column":2},"end":{"line":451,"column":null}},"110":{"start":{"line":453,"column":2},"end":{"line":453,"column":null}},"111":{"start":{"line":455,"column":2},"end":{"line":455,"column":null}},"112":{"start":{"line":458,"column":1},"end":{"line":458,"column":null}},"113":{"start":{"line":443,"column":13},"end":{"line":443,"column":25}},"114":{"start":{"line":462,"column":1},"end":{"line":464,"column":null}},"115":{"start":{"line":461,"column":0},"end":{"line":461,"column":16}},"116":{"start":{"line":474,"column":16},"end":{"line":474,"column":51}},"117":{"start":{"line":475,"column":20},"end":{"line":475,"column":48}},"118":{"start":{"line":477,"column":2},"end":{"line":477,"column":null}},"119":{"start":{"line":479,"column":2},"end":{"line":479,"column":null}},"120":{"start":{"line":479,"column":42},"end":{"line":479,"column":64}},"121":{"start":{"line":481,"column":1},"end":{"line":481,"column":null}},"122":{"start":{"line":468,"column":0},"end":{"line":468,"column":16}},"123":{"start":{"line":491,"column":2},"end":{"line":491,"column":null}},"124":{"start":{"line":493,"column":1},"end":{"line":493,"column":null}},"125":{"start":{"line":484,"column":0},"end":{"line":484,"column":16}},"126":{"start":{"line":502,"column":14},"end":{"line":502,"column":15}},"127":{"start":{"line":503,"column":17},"end":{"line":503,"column":27}},"128":{"start":{"line":515,"column":25},"end":{"line":519,"column":null}},"129":{"start":{"line":516,"column":56},"end":{"line":518,"column":6}},"130":{"start":{"line":526,"column":32},"end":{"line":526,"column":38}},"131":{"start":{"line":529,"column":5},"end":{"line":529,"column":null}},"132":{"start":{"line":532,"column":5},"end":{"line":532,"column":null}},"133":{"start":{"line":536,"column":4},"end":{"line":536,"column":null}},"134":{"start":{"line":538,"column":4},"end":{"line":538,"column":null}},"135":{"start":{"line":540,"column":4},"end":{"line":540,"column":null}},"136":{"start":{"line":545,"column":3},"end":{"line":545,"column":null}},"137":{"start":{"line":548,"column":4},"end":{"line":548,"column":null}},"138":{"start":{"line":551,"column":3},"end":{"line":551,"column":null}},"139":{"start":{"line":554,"column":1},"end":{"line":554,"column":null}},"140":{"start":{"line":497,"column":0},"end":{"line":497,"column":16}},"141":{"start":{"line":560,"column":3},"end":{"line":560,"column":null}},"142":{"start":{"line":562,"column":2},"end":{"line":567,"column":null}},"143":{"start":{"line":564,"column":4},"end":{"line":564,"column":null}},"144":{"start":{"line":566,"column":3},"end":{"line":566,"column":null}},"145":{"start":{"line":569,"column":14},"end":{"line":569,"column":41}},"146":{"start":{"line":570,"column":2},"end":{"line":576,"column":null}},"147":{"start":{"line":571,"column":3},"end":{"line":574,"column":null}},"148":{"start":{"line":575,"column":3},"end":{"line":575,"column":null}},"149":{"start":{"line":578,"column":2},"end":{"line":578,"column":null}},"150":{"start":{"line":557,"column":0},"end":{"line":557,"column":16}},"151":{"start":{"line":589,"column":2},"end":{"line":589,"column":null}},"152":{"start":{"line":592,"column":18},"end":{"line":592,"column":33}},"153":{"start":{"line":603,"column":2},"end":{"line":603,"column":null}},"154":{"start":{"line":606,"column":2},"end":{"line":606,"column":null}},"155":{"start":{"line":609,"column":2},"end":{"line":609,"column":null}},"156":{"start":{"line":611,"column":1},"end":{"line":611,"column":null}},"157":{"start":{"line":582,"column":0},"end":{"line":582,"column":16}}},"fnMap":{"0":{"name":"isObject","decl":{"start":{"line":9,"column":16},"end":{"line":9,"column":24}},"loc":{"start":{"line":9,"column":35},"end":{"line":11,"column":null}}},"1":{"name":"isEmptyObject","decl":{"start":{"line":13,"column":16},"end":{"line":13,"column":29}},"loc":{"start":{"line":13,"column":40},"end":{"line":15,"column":null}}},"2":{"name":"hasOwnProperty","decl":{"start":{"line":17,"column":16},"end":{"line":17,"column":30}},"loc":{"start":{"line":17,"column":52},"end":{"line":23,"column":null}}},"3":{"name":"validateData","decl":{"start":{"line":30,"column":16},"end":{"line":30,"column":28}},"loc":{"start":{"line":30,"column":51},"end":{"line":36,"column":null}}},"4":{"name":"resolveSchema","decl":{"start":{"line":39,"column":16},"end":{"line":39,"column":29}},"loc":{"start":{"line":42,"column":14},"end":{"line":64,"column":null}}},"5":{"name":"(anonymous_6)","decl":{"start":{"line":56,"column":28},"end":{"line":56,"column":42}},"loc":{"start":{"line":57,"column":4},"end":{"line":57,"column":56}}},"6":{"name":"retrieveSchema","decl":{"start":{"line":66,"column":16},"end":{"line":66,"column":30}},"loc":{"start":{"line":71,"column":19},"end":{"line":104,"column":null}}},"7":{"name":"stubExistingAdditionalProperties","decl":{"start":{"line":108,"column":16},"end":{"line":108,"column":48}},"loc":{"start":{"line":113,"column":19},"end":{"line":147,"column":null}}},"8":{"name":"(anonymous_9)","decl":{"start":{"line":121,"column":32},"end":{"line":121,"column":35}},"loc":{"start":{"line":121,"column":39},"end":{"line":144,"column":2}}},"9":{"name":"resolveReference","decl":{"start":{"line":162,"column":9},"end":{"line":162,"column":25}},"loc":{"start":{"line":162,"column":69},"end":{"line":173,"column":null}}},"10":{"name":"findSchemaDefinition","decl":{"start":{"line":175,"column":16},"end":{"line":175,"column":36}},"loc":{"start":{"line":175,"column":66},"end":{"line":192,"column":null}}},"11":{"name":"resolveDependencies","decl":{"start":{"line":194,"column":9},"end":{"line":194,"column":28}},"loc":{"start":{"line":197,"column":14},"end":{"line":218,"column":null}}},"12":{"name":"processDependencies","decl":{"start":{"line":219,"column":9},"end":{"line":219,"column":28}},"loc":{"start":{"line":223,"column":14},"end":{"line":262,"column":null}}},"13":{"name":"withDependentProperties","decl":{"start":{"line":264,"column":9},"end":{"line":264,"column":32}},"loc":{"start":{"line":264,"column":71},"end":{"line":272,"column":null}}},"14":{"name":"withDependentSchema","decl":{"start":{"line":274,"column":9},"end":{"line":274,"column":28}},"loc":{"start":{"line":279,"column":21},"end":{"line":309,"column":null}}},"15":{"name":"(anonymous_16)","decl":{"start":{"line":297,"column":34},"end":{"line":297,"column":43}},"loc":{"start":{"line":298,"column":2},"end":{"line":300,"column":14}}},"16":{"name":"withExactlyOneSubschema","decl":{"start":{"line":311,"column":9},"end":{"line":311,"column":32}},"loc":{"start":{"line":316,"column":11},"end":{"line":352,"column":null}}},"17":{"name":"(anonymous_18)","decl":{"start":{"line":318,"column":39},"end":{"line":318,"column":53}},"loc":{"start":{"line":318,"column":57},"end":{"line":335,"column":2}}},"18":{"name":"mergeSchemas","decl":{"start":{"line":359,"column":16},"end":{"line":359,"column":28}},"loc":{"start":{"line":359,"column":49},"end":{"line":383,"column":null}}},"19":{"name":"(anonymous_20)","decl":{"start":{"line":361,"column":33},"end":{"line":361,"column":34}},"loc":{"start":{"line":361,"column":46},"end":{"line":382,"column":2}}},"20":{"name":"getSchemaType","decl":{"start":{"line":394,"column":16},"end":{"line":394,"column":29}},"loc":{"start":{"line":394,"column":44},"end":{"line":439,"column":null}}},"21":{"name":"(anonymous_22)","decl":{"start":{"line":411,"column":17},"end":{"line":411,"column":21}},"loc":{"start":{"line":411,"column":26},"end":{"line":411,"column":41}}},"22":{"name":"guessType","decl":{"start":{"line":443,"column":34},"end":{"line":443,"column":43}},"loc":{"start":{"line":443,"column":54},"end":{"line":459,"column":1}}},"23":{"name":"isConstant","decl":{"start":{"line":461,"column":16},"end":{"line":461,"column":26}},"loc":{"start":{"line":461,"column":41},"end":{"line":466,"column":null}}},"24":{"name":"isSelect","decl":{"start":{"line":468,"column":16},"end":{"line":468,"column":24}},"loc":{"start":{"line":472,"column":2},"end":{"line":482,"column":null}}},"25":{"name":"(anonymous_26)","decl":{"start":{"line":479,"column":27},"end":{"line":479,"column":37}},"loc":{"start":{"line":479,"column":42},"end":{"line":479,"column":64}}},"26":{"name":"isMultiSelect","decl":{"start":{"line":484,"column":16},"end":{"line":484,"column":29}},"loc":{"start":{"line":488,"column":2},"end":{"line":494,"column":null}}},"27":{"name":"getMatchingOption","decl":{"start":{"line":497,"column":16},"end":{"line":497,"column":33}},"loc":{"start":{"line":500,"column":48},"end":{"line":555,"column":null}}},"28":{"name":"(anonymous_29)","decl":{"start":{"line":516,"column":47},"end":{"line":516,"column":50}},"loc":{"start":{"line":516,"column":56},"end":{"line":518,"column":6}}},"29":{"name":"mergeDefaultsWithFormData","decl":{"start":{"line":557,"column":16},"end":{"line":557,"column":41}},"loc":{"start":{"line":557,"column":70},"end":{"line":580,"column":null}}},"30":{"name":"(anonymous_31)","decl":{"start":{"line":562,"column":22},"end":{"line":562,"column":23}},"loc":{"start":{"line":562,"column":37},"end":{"line":567,"column":3}}},"31":{"name":"(anonymous_32)","decl":{"start":{"line":570,"column":38},"end":{"line":570,"column":39}},"loc":{"start":{"line":570,"column":51},"end":{"line":576,"column":3}}}},"branchMap":{"0":{"loc":{"start":{"line":10,"column":8},"end":{"line":10,"column":76}},"type":"binary-expr","locations":[{"start":{"line":10,"column":8},"end":{"line":10,"column":33}},{"start":{"line":10,"column":37},"end":{"line":10,"column":51}},{"start":{"line":10,"column":55},"end":{"line":10,"column":76}}]},"1":{"loc":{"start":{"line":14,"column":8},"end":{"line":14,"column":58}},"type":"binary-expr","locations":[{"start":{"line":14,"column":8},"end":{"line":14,"column":23}},{"start":{"line":14,"column":27},"end":{"line":14,"column":58}}]},"2":{"loc":{"start":{"line":41,"column":1},"end":{"line":41,"column":26}},"type":"default-arg","locations":[{"start":{"line":41,"column":14},"end":{"line":41,"column":26}}]},"3":{"loc":{"start":{"line":42,"column":1},"end":{"line":42,"column":14}},"type":"default-arg","locations":[{"start":{"line":42,"column":12},"end":{"line":42,"column":14}}]},"4":{"loc":{"start":{"line":53,"column":12},"end":{"line":53,"column":74}},"type":"binary-expr","locations":[{"start":{"line":53,"column":12},"end":{"line":53,"column":43}},{"start":{"line":53,"column":47},"end":{"line":53,"column":74}}]},"5":{"loc":{"start":{"line":68,"column":1},"end":{"line":70,"column":null}},"type":"default-arg","locations":[{"start":{"line":68,"column":14},"end":{"line":70,"column":null}}]},"6":{"loc":{"start":{"line":71,"column":1},"end":{"line":71,"column":19}},"type":"default-arg","locations":[{"start":{"line":71,"column":17},"end":{"line":71,"column":19}}]},"7":{"loc":{"start":{"line":92,"column":2},"end":{"line":93,"column":47}},"type":"binary-expr","locations":[{"start":{"line":92,"column":2},"end":{"line":92,"column":55}},{"start":{"line":93,"column":2},"end":{"line":93,"column":47}}]},"8":{"loc":{"start":{"line":110,"column":1},"end":{"line":112,"column":null}},"type":"default-arg","locations":[{"start":{"line":110,"column":22},"end":{"line":112,"column":null}}]},"9":{"loc":{"start":{"line":113,"column":1},"end":{"line":113,"column":19}},"type":"default-arg","locations":[{"start":{"line":113,"column":17},"end":{"line":113,"column":19}}]},"10":{"loc":{"start":{"line":175,"column":51},"end":{"line":175,"column":66}},"type":"default-arg","locations":[{"start":{"line":175,"column":64},"end":{"line":175,"column":66}}]},"11":{"loc":{"start":{"line":200,"column":7},"end":{"line":200,"column":24}},"type":"default-arg","locations":[{"start":{"line":200,"column":22},"end":{"line":200,"column":24}}]},"12":{"loc":{"start":{"line":233,"column":3},"end":{"line":234,"column":48}},"type":"binary-expr","locations":[{"start":{"line":233,"column":3},"end":{"line":233,"column":28}},{"start":{"line":234,"column":3},"end":{"line":234,"column":48}}]},"13":{"loc":{"start":{"line":268,"column":18},"end":{"line":270,"column":24}},"type":"cond-expr","locations":[{"start":{"line":269,"column":4},"end":{"line":269,"column":70}},{"start":{"line":270,"column":4},"end":{"line":270,"column":24}}]},"14":{"loc":{"start":{"line":298,"column":2},"end":{"line":300,"column":14}},"type":"cond-expr","locations":[{"start":{"line":299,"column":5},"end":{"line":299,"column":54}},{"start":{"line":300,"column":5},"end":{"line":300,"column":14}}]},"15":{"loc":{"start":{"line":333,"column":10},"end":{"line":333,"column":40}},"type":"binary-expr","locations":[{"start":{"line":333,"column":10},"end":{"line":333,"column":17}},{"start":{"line":333,"column":21},"end":{"line":333,"column":40}}]},"16":{"loc":{"start":{"line":362,"column":15},"end":{"line":362,"column":36}},"type":"cond-expr","locations":[{"start":{"line":362,"column":22},"end":{"line":362,"column":31}},{"start":{"line":362,"column":34},"end":{"line":362,"column":36}}]},"17":{"loc":{"start":{"line":364,"column":6},"end":{"line":364,"column":58}},"type":"binary-expr","locations":[{"start":{"line":364,"column":6},"end":{"line":364,"column":10}},{"start":{"line":364,"column":14},"end":{"line":364,"column":39}},{"start":{"line":364,"column":43},"end":{"line":364,"column":58}}]},"18":{"loc":{"start":{"line":367,"column":3},"end":{"line":373,"column":23}},"type":"binary-expr","locations":[{"start":{"line":367,"column":3},"end":{"line":367,"column":7}},{"start":{"line":368,"column":3},"end":{"line":368,"column":7}},{"start":{"line":369,"column":4},"end":{"line":369,"column":36}},{"start":{"line":370,"column":4},"end":{"line":370,"column":36}},{"start":{"line":371,"column":3},"end":{"line":371,"column":21}},{"start":{"line":372,"column":3},"end":{"line":372,"column":22}},{"start":{"line":373,"column":3},"end":{"line":373,"column":23}}]},"19":{"loc":{"start":{"line":397,"column":5},"end":{"line":397,"column":26}},"type":"binary-expr","locations":[{"start":{"line":397,"column":5},"end":{"line":397,"column":10}},{"start":{"line":397,"column":14},"end":{"line":397,"column":26}}]},"20":{"loc":{"start":{"line":401,"column":5},"end":{"line":401,"column":25}},"type":"binary-expr","locations":[{"start":{"line":401,"column":5},"end":{"line":401,"column":10}},{"start":{"line":401,"column":14},"end":{"line":401,"column":25}}]},"21":{"loc":{"start":{"line":405,"column":5},"end":{"line":405,"column":64}},"type":"binary-expr","locations":[{"start":{"line":405,"column":5},"end":{"line":405,"column":10}},{"start":{"line":405,"column":15},"end":{"line":405,"column":32}},{"start":{"line":405,"column":36},"end":{"line":405,"column":63}}]},"22":{"loc":{"start":{"line":410,"column":5},"end":{"line":410,"column":63}},"type":"binary-expr","locations":[{"start":{"line":410,"column":5},"end":{"line":410,"column":23}},{"start":{"line":410,"column":27},"end":{"line":410,"column":41}},{"start":{"line":410,"column":45},"end":{"line":410,"column":63}}]},"23":{"loc":{"start":{"line":463,"column":3},"end":{"line":464,"column":32}},"type":"binary-expr","locations":[{"start":{"line":463,"column":3},"end":{"line":463,"column":29}},{"start":{"line":463,"column":33},"end":{"line":463,"column":57}},{"start":{"line":464,"column":2},"end":{"line":464,"column":32}}]},"24":{"loc":{"start":{"line":470,"column":1},"end":{"line":472,"column":null}},"type":"default-arg","locations":[{"start":{"line":470,"column":22},"end":{"line":472,"column":null}}]},"25":{"loc":{"start":{"line":475,"column":20},"end":{"line":475,"column":48}},"type":"binary-expr","locations":[{"start":{"line":475,"column":20},"end":{"line":475,"column":32}},{"start":{"line":475,"column":36},"end":{"line":475,"column":48}}]},"26":{"loc":{"start":{"line":486,"column":1},"end":{"line":488,"column":null}},"type":"default-arg","locations":[{"start":{"line":486,"column":22},"end":{"line":488,"column":null}}]},"27":{"loc":{"start":{"line":490,"column":5},"end":{"line":490,"column":41}},"type":"binary-expr","locations":[{"start":{"line":490,"column":5},"end":{"line":490,"column":24}},{"start":{"line":490,"column":28},"end":{"line":490,"column":41}}]},"28":{"loc":{"start":{"line":572,"column":4},"end":{"line":572,"column":33}},"type":"cond-expr","locations":[{"start":{"line":572,"column":15},"end":{"line":572,"column":28}},{"start":{"line":572,"column":31},"end":{"line":572,"column":33}}]},"29":{"loc":{"start":{"line":605,"column":5},"end":{"line":605,"column":50}},"type":"binary-expr","locations":[{"start":{"line":605,"column":5},"end":{"line":605,"column":23}},{"start":{"line":605,"column":27},"end":{"line":605,"column":50}}]},"30":{"loc":{"start":{"line":608,"column":5},"end":{"line":608,"column":60}},"type":"binary-expr","locations":[{"start":{"line":608,"column":5},"end":{"line":608,"column":19}},{"start":{"line":608,"column":23},"end":{"line":608,"column":41}},{"start":{"line":608,"column":45},"end":{"line":608,"column":60}}]},"31":{"loc":{"start":{"line":611,"column":8},"end":{"line":611,"column":28}},"type":"binary-expr","locations":[{"start":{"line":611,"column":8},"end":{"line":611,"column":16}},{"start":{"line":611,"column":20},"end":{"line":611,"column":28}}]}},"s":{"0":4,"1":4,"2":4,"3":4,"4":44,"5":4,"6":0,"7":4,"8":90,"9":4,"10":4,"11":0,"12":0,"13":4,"14":0,"15":0,"16":0,"17":0,"18":0,"19":30,"20":4,"21":0,"22":30,"23":0,"24":0,"25":0,"26":0,"27":30,"28":0,"29":30,"30":30,"31":4,"32":4,"33":0,"34":0,"35":0,"36":0,"37":0,"38":0,"39":0,"40":0,"41":0,"42":4,"43":0,"44":0,"45":0,"46":0,"47":0,"48":0,"49":0,"50":0,"51":0,"52":0,"53":4,"54":0,"55":0,"56":0,"57":0,"58":0,"59":0,"60":0,"61":0,"62":0,"63":0,"64":0,"65":0,"66":0,"67":0,"68":0,"69":0,"70":0,"71":0,"72":0,"73":0,"74":0,"75":0,"76":0,"77":0,"78":0,"79":0,"80":0,"81":0,"82":0,"83":0,"84":0,"85":0,"86":0,"87":0,"88":0,"89":0,"90":0,"91":0,"92":0,"93":0,"94":0,"95":4,"96":0,"97":0,"98":0,"99":0,"100":0,"101":0,"102":0,"103":0,"104":4,"105":4,"106":0,"107":0,"108":0,"109":0,"110":0,"111":0,"112":0,"113":4,"114":0,"115":4,"116":0,"117":0,"118":0,"119":0,"120":0,"121":0,"122":4,"123":0,"124":0,"125":4,"126":0,"127":0,"128":0,"129":0,"130":0,"131":0,"132":0,"133":0,"134":0,"135":0,"136":0,"137":0,"138":0,"139":0,"140":4,"141":0,"142":0,"143":0,"144":0,"145":0,"146":0,"147":0,"148":0,"149":0,"150":4,"151":0,"152":0,"153":0,"154":0,"155":0,"156":0,"157":4},"f":{"0":44,"1":0,"2":90,"3":0,"4":30,"5":0,"6":30,"7":0,"8":0,"9":0,"10":0,"11":0,"12":0,"13":0,"14":0,"15":0,"16":0,"17":0,"18":0,"19":0,"20":0,"21":0,"22":0,"23":0,"24":0,"25":0,"26":0,"27":0,"28":0,"29":0,"30":0,"31":0},"b":{"0":[44,38,38],"1":[0,0],"2":[0],"3":[0],"4":[30,0],"5":[0],"6":[12],"7":[30,0],"8":[0],"9":[0],"10":[0],"11":[0],"12":[0,0],"13":[0,0],"14":[0,0],"15":[0,0],"16":[0,0],"17":[0,0,0],"18":[0,0,0,0,0,0,0],"19":[0,0],"20":[0,0],"21":[0,0,0],"22":[0,0,0],"23":[0,0,0],"24":[0],"25":[0,0],"26":[0],"27":[0,0],"28":[0,0],"29":[0,0],"30":[0,0,0],"31":[0,0]}}
,"D:\\vue3.0+TS组件\\vue3-json-schema-form\\lib\\fields\\ArrayFiled.tsx": {"path":"D:\\vue3.0+TS组件\\vue3-json-schema-form\\lib\\fields\\ArrayFiled.tsx","statementMap":{"0":{"start":{"line":9,"column":0},"end":{"line":9,"column":null}},"1":{"start":{"line":10,"column":0},"end":{"line":10,"column":null}},"2":{"start":{"line":11,"column":0},"end":{"line":11,"column":null}},"3":{"start":{"line":12,"column":0},"end":{"line":12,"column":null}},"4":{"start":{"line":13,"column":0},"end":{"line":13,"column":null}},"5":{"start":{"line":14,"column":18},"end":{"line":31,"column":2}},"6":{"start":{"line":32,"column":25},"end":{"line":91,"column":2}},"7":{"start":{"line":45,"column":25},"end":{"line":46,"column":41}},"8":{"start":{"line":46,"column":3},"end":{"line":46,"column":41}},"9":{"start":{"line":47,"column":21},"end":{"line":47,"column":32}},"10":{"start":{"line":48,"column":2},"end":{"line":89,"column":null}},"11":{"start":{"line":49,"column":19},"end":{"line":49,"column":35}},"12":{"start":{"line":50,"column":3},"end":{"line":86,"column":null}},"13":{"start":{"line":56,"column":8},"end":{"line":56,"column":null}},"14":{"start":{"line":64,"column":8},"end":{"line":64,"column":null}},"15":{"start":{"line":72,"column":8},"end":{"line":72,"column":null}},"16":{"start":{"line":80,"column":8},"end":{"line":80,"column":null}},"17":{"start":{"line":92,"column":9},"end":{"line":92,"column":null}},"18":{"start":{"line":109,"column":0},"end":{"line":221,"column":null}},"19":{"start":{"line":113,"column":18},"end":{"line":113,"column":34}},"20":{"start":{"line":114,"column":32},"end":{"line":119,"column":3}},"21":{"start":{"line":115,"column":21},"end":{"line":115,"column":26}},"22":{"start":{"line":116,"column":15},"end":{"line":116,"column":48}},"23":{"start":{"line":117,"column":3},"end":{"line":117,"column":null}},"24":{"start":{"line":118,"column":3},"end":{"line":118,"column":null}},"25":{"start":{"line":121,"column":20},"end":{"line":123,"column":3}},"26":{"start":{"line":122,"column":3},"end":{"line":122,"column":null}},"27":{"start":{"line":125,"column":23},"end":{"line":127,"column":3}},"28":{"start":{"line":126,"column":3},"end":{"line":126,"column":null}},"29":{"start":{"line":129,"column":19},"end":{"line":135,"column":3}},"30":{"start":{"line":130,"column":3},"end":{"line":130,"column":null}},"31":{"start":{"line":130,"column":20},"end":{"line":130,"column":null}},"32":{"start":{"line":131,"column":16},"end":{"line":131,"column":36}},"33":{"start":{"line":132,"column":3},"end":{"line":132,"column":null}},"34":{"start":{"line":134,"column":3},"end":{"line":134,"column":null}},"35":{"start":{"line":137,"column":21},"end":{"line":141,"column":3}},"36":{"start":{"line":138,"column":3},"end":{"line":138,"column":null}},"37":{"start":{"line":138,"column":33},"end":{"line":138,"column":null}},"38":{"start":{"line":139,"column":16},"end":{"line":139,"column":36}},"39":{"start":{"line":140,"column":3},"end":{"line":140,"column":null}},"40":{"start":{"line":142,"column":28},"end":{"line":162,"column":3}},"41":{"start":{"line":143,"column":21},"end":{"line":143,"column":26}},"42":{"start":{"line":144,"column":15},"end":{"line":144,"column":48}},"43":{"start":{"line":147,"column":5},"end":{"line":147,"column":null}},"44":{"start":{"line":148,"column":5},"end":{"line":148,"column":null}},"45":{"start":{"line":150,"column":5},"end":{"line":150,"column":null}},"46":{"start":{"line":151,"column":5},"end":{"line":151,"column":null}},"47":{"start":{"line":153,"column":5},"end":{"line":153,"column":null}},"48":{"start":{"line":154,"column":5},"end":{"line":154,"column":null}},"49":{"start":{"line":156,"column":5},"end":{"line":156,"column":null}},"50":{"start":{"line":157,"column":5},"end":{"line":157,"column":null}},"51":{"start":{"line":159,"column":5},"end":{"line":159,"column":null}},"52":{"start":{"line":161,"column":3},"end":{"line":161,"column":null}},"53":{"start":{"line":163,"column":2},"end":{"line":219,"column":null}},"54":{"start":{"line":164,"column":22},"end":{"line":164,"column":40}},"55":{"start":{"line":165,"column":41},"end":{"line":165,"column":46}},"56":{"start":{"line":166,"column":23},"end":{"line":166,"column":50}},"57":{"start":{"line":167,"column":20},"end":{"line":167,"column":62}},"58":{"start":{"line":168,"column":15},"end":{"line":168,"column":48}},"59":{"start":{"line":170,"column":28},"end":{"line":170,"column":47}},"60":{"start":{"line":171,"column":4},"end":{"line":183,"column":null}},"61":{"start":{"line":172,"column":5},"end":{"line":179,"column":null}},"62":{"start":{"line":179,"column":8},"end":{"line":179,"column":39}},"63":{"start":{"line":185,"column":4},"end":{"line":204,"column":null}},"64":{"start":{"line":186,"column":5},"end":{"line":199,"column":null}},"65":{"start":{"line":190,"column":8},"end":{"line":190,"column":38}},"66":{"start":{"line":190,"column":38},"end":{"line":199,"column":null}},"67":{"start":{"line":199,"column":9},"end":{"line":199,"column":40}},"68":{"start":{"line":206,"column":25},"end":{"line":206,"column":50}},"69":{"start":{"line":207,"column":20},"end":{"line":210,"column":7}},"70":{"start":{"line":207,"column":49},"end":{"line":210,"column":6}},"71":{"start":{"line":211,"column":4},"end":{"line":215,"column":null}}},"fnMap":{"0":{"name":"(anonymous_1)","decl":{"start":{"line":44,"column":1},"end":{"line":44,"column":6}},"loc":{"start":{"line":44,"column":23},"end":{"line":90,"column":null}}},"1":{"name":"(anonymous_2)","decl":{"start":{"line":45,"column":25},"end":{"line":45,"column":37}},"loc":{"start":{"line":46,"column":3},"end":{"line":46,"column":41}}},"2":{"name":"(anonymous_3)","decl":{"start":{"line":48,"column":9},"end":{"line":48,"column":14}},"loc":{"start":{"line":48,"column":14},"end":{"line":89,"column":3}}},"3":{"name":"(anonymous_4)","decl":{"start":{"line":55,"column":16},"end":{"line":55,"column":21}},"loc":{"start":{"line":55,"column":21},"end":{"line":57,"column":8}}},"4":{"name":"(anonymous_5)","decl":{"start":{"line":63,"column":16},"end":{"line":63,"column":21}},"loc":{"start":{"line":63,"column":21},"end":{"line":65,"column":8}}},"5":{"name":"(anonymous_6)","decl":{"start":{"line":71,"column":16},"end":{"line":71,"column":21}},"loc":{"start":{"line":71,"column":21},"end":{"line":73,"column":8}}},"6":{"name":"(anonymous_7)","decl":{"start":{"line":79,"column":16},"end":{"line":79,"column":21}},"loc":{"start":{"line":79,"column":21},"end":{"line":81,"column":8}}},"7":{"name":"(anonymous_8)","decl":{"start":{"line":112,"column":1},"end":{"line":112,"column":6}},"loc":{"start":{"line":112,"column":12},"end":{"line":220,"column":null}}},"8":{"name":"(anonymous_9)","decl":{"start":{"line":114,"column":32},"end":{"line":114,"column":33}},"loc":{"start":{"line":114,"column":58},"end":{"line":119,"column":3}}},"9":{"name":"(anonymous_10)","decl":{"start":{"line":121,"column":20},"end":{"line":121,"column":21}},"loc":{"start":{"line":121,"column":54},"end":{"line":123,"column":3}}},"10":{"name":"(anonymous_11)","decl":{"start":{"line":125,"column":23},"end":{"line":125,"column":24}},"loc":{"start":{"line":125,"column":57},"end":{"line":127,"column":3}}},"11":{"name":"(anonymous_12)","decl":{"start":{"line":129,"column":19},"end":{"line":129,"column":20}},"loc":{"start":{"line":129,"column":53},"end":{"line":135,"column":3}}},"12":{"name":"(anonymous_13)","decl":{"start":{"line":137,"column":21},"end":{"line":137,"column":22}},"loc":{"start":{"line":137,"column":55},"end":{"line":141,"column":3}}},"13":{"name":"(anonymous_14)","decl":{"start":{"line":142,"column":28},"end":{"line":142,"column":29}},"loc":{"start":{"line":142,"column":60},"end":{"line":162,"column":3}}},"14":{"name":"(anonymous_15)","decl":{"start":{"line":163,"column":9},"end":{"line":163,"column":14}},"loc":{"start":{"line":163,"column":14},"end":{"line":219,"column":3}}},"15":{"name":"(anonymous_16)","decl":{"start":{"line":171,"column":21},"end":{"line":171,"column":22}},"loc":{"start":{"line":171,"column":50},"end":{"line":183,"column":5}}},"16":{"name":"(anonymous_17)","decl":{"start":{"line":178,"column":18},"end":{"line":178,"column":24}},"loc":{"start":{"line":179,"column":8},"end":{"line":179,"column":39}}},"17":{"name":"(anonymous_18)","decl":{"start":{"line":185,"column":19},"end":{"line":185,"column":20}},"loc":{"start":{"line":185,"column":45},"end":{"line":204,"column":5}}},"18":{"name":"(anonymous_19)","decl":{"start":{"line":189,"column":22},"end":{"line":189,"column":23}},"loc":{"start":{"line":190,"column":8},"end":{"line":190,"column":38}}},"19":{"name":"(anonymous_20)","decl":{"start":{"line":190,"column":38},"end":{"line":190,"column":null}},"loc":{"start":{"line":190,"column":38},"end":{"line":199,"column":null}}},"20":{"name":"(anonymous_21)","decl":{"start":{"line":198,"column":19},"end":{"line":198,"column":25}},"loc":{"start":{"line":199,"column":9},"end":{"line":199,"column":40}}},"21":{"name":"(anonymous_22)","decl":{"start":{"line":207,"column":37},"end":{"line":207,"column":43}},"loc":{"start":{"line":207,"column":49},"end":{"line":210,"column":6}}}},"branchMap":{"0":{"loc":{"start":{"line":86,"column":11},"end":{"line":86,"column":43}},"type":"binary-expr","locations":[{"start":{"line":86,"column":11},"end":{"line":86,"column":24}},{"start":{"line":86,"column":28},"end":{"line":86,"column":43}}]},"1":{"loc":{"start":{"line":116,"column":15},"end":{"line":116,"column":48}},"type":"cond-expr","locations":[{"start":{"line":116,"column":38},"end":{"line":116,"column":43}},{"start":{"line":116,"column":46},"end":{"line":116,"column":48}}]},"2":{"loc":{"start":{"line":130,"column":3},"end":{"line":130,"column":null}},"type":"if","locations":[{"start":{"line":130,"column":3},"end":{"line":130,"column":null}}]},"3":{"loc":{"start":{"line":138,"column":3},"end":{"line":138,"column":null}},"type":"if","locations":[{"start":{"line":138,"column":3},"end":{"line":138,"column":null}}]},"4":{"loc":{"start":{"line":144,"column":15},"end":{"line":144,"column":48}},"type":"cond-expr","locations":[{"start":{"line":144,"column":38},"end":{"line":144,"column":43}},{"start":{"line":144,"column":46},"end":{"line":144,"column":48}}]},"5":{"loc":{"start":{"line":146,"column":4},"end":{"line":148,"column":null}},"type":"switch","locations":[{"start":{"line":146,"column":4},"end":{"line":148,"column":null}},{"start":{"line":149,"column":4},"end":{"line":151,"column":null}},{"start":{"line":152,"column":4},"end":{"line":154,"column":null}},{"start":{"line":155,"column":4},"end":{"line":157,"column":null}},{"start":{"line":158,"column":4},"end":{"line":159,"column":null}}]},"6":{"loc":{"start":{"line":167,"column":20},"end":{"line":167,"column":62}},"type":"binary-expr","locations":[{"start":{"line":167,"column":20},"end":{"line":167,"column":32}},{"start":{"line":167,"column":37},"end":{"line":167,"column":62}}]},"7":{"loc":{"start":{"line":168,"column":15},"end":{"line":168,"column":48}},"type":"cond-expr","locations":[{"start":{"line":168,"column":38},"end":{"line":168,"column":43}},{"start":{"line":168,"column":46},"end":{"line":168,"column":48}}]}},"s":{"0":4,"1":4,"2":4,"3":4,"4":4,"5":4,"6":4,"7":4,"8":0,"9":4,"10":4,"11":6,"12":6,"13":0,"14":0,"15":0,"16":0,"17":4,"18":4,"19":4,"20":4,"21":1,"22":1,"23":1,"24":1,"25":4,"26":0,"27":4,"28":0,"29":4,"30":0,"31":0,"32":0,"33":0,"34":0,"35":4,"36":0,"37":0,"38":0,"39":0,"40":4,"41":0,"42":0,"43":0,"44":0,"45":0,"46":0,"47":0,"48":0,"49":0,"50":0,"51":0,"52":0,"53":4,"54":5,"55":5,"56":5,"57":5,"58":5,"59":1,"60":1,"61":2,"62":0,"63":3,"64":6,"65":0,"66":6,"67":1,"68":1,"69":1,"70":3,"71":1},"f":{"0":4,"1":0,"2":6,"3":0,"4":0,"5":0,"6":0,"7":4,"8":1,"9":0,"10":0,"11":0,"12":0,"13":0,"14":5,"15":2,"16":0,"17":6,"18":0,"19":6,"20":1,"21":3},"b":{"0":[6,6],"1":[1,0],"2":[0],"3":[0],"4":[0,0],"5":[0,0,0,0,0],"6":[5,5],"7":[5,0]}}
,"D:\\vue3.0+TS组件\\vue3-json-schema-form\\lib\\fields\\NumberField.vue": {"path":"D:\\vue3.0+TS组件\\vue3-json-schema-form\\lib\\fields\\NumberField.vue","statementMap":{"0":{"start":{"line":3,"column":0},"end":{"line":5,"column":3}},"1":{"start":{"line":6,"column":12},"end":{"line":6,"column":26}},"2":{"start":{"line":7,"column":0},"end":{"line":58,"column":3}},"3":{"start":{"line":36,"column":19},"end":{"line":36,"column":28}},"4":{"start":{"line":37,"column":4},"end":{"line":37,"column":15}},"5":{"start":{"line":38,"column":16},"end":{"line":38,"column":23}},"6":{"start":{"line":39,"column":23},"end":{"line":47,"column":5}},"7":{"start":{"line":40,"column":18},"end":{"line":40,"column":32}},"8":{"start":{"line":41,"column":16},"end":{"line":41,"column":29}},"9":{"start":{"line":42,"column":6},"end":{"line":46,"column":7}},"10":{"start":{"line":43,"column":8},"end":{"line":43,"column":34}},"11":{"start":{"line":45,"column":8},"end":{"line":45,"column":28}},"12":{"start":{"line":48,"column":23},"end":{"line":51,"column":5}},"13":{"start":{"line":52,"column":4},"end":{"line":55,"column":7}},"14":{"start":{"line":56,"column":4},"end":{"line":56,"column":24}},"15":{"start":{"line":60,"column":0},"end":{"line":60,"column":62}},"16":{"start":{"line":61,"column":0},"end":{"line":61,"column":24}},"17":{"start":{"line":62,"column":12},"end":{"line":62,"column":26}},"18":{"start":{"line":63,"column":17},"end":{"line":63,"column":26}},"19":{"start":{"line":65,"column":4},"end":{"line":69,"column":58}},"20":{"start":{"line":71,"column":0},"end":{"line":71,"column":24}},"21":{"start":{"line":72,"column":1},"end":{"line":72,"column":48}}},"fnMap":{"0":{"name":"(anonymous_0)","decl":{"start":{"line":35,"column":9},"end":{"line":35,"column":10}},"loc":{"start":{"line":35,"column":32},"end":{"line":57,"column":3}},"line":35},"1":{"name":"(anonymous_1)","decl":{"start":{"line":39,"column":23},"end":{"line":39,"column":24}},"loc":{"start":{"line":39,"column":36},"end":{"line":47,"column":5}},"line":39},"2":{"name":"render","decl":{"start":{"line":64,"column":9},"end":{"line":64,"column":15}},"loc":{"start":{"line":64,"column":63},"end":{"line":70,"column":1}},"line":64}},"branchMap":{"0":{"loc":{"start":{"line":42,"column":6},"end":{"line":46,"column":7}},"type":"if","locations":[{"start":{"line":42,"column":6},"end":{"line":46,"column":7}},{"start":{"line":44,"column":13},"end":{"line":46,"column":7}}],"line":42}},"s":{"0":4,"1":4,"2":4,"3":8,"4":8,"5":8,"6":8,"7":4,"8":4,"9":4,"10":0,"11":4,"12":8,"13":8,"14":8,"15":4,"16":4,"17":4,"18":4,"19":10,"20":4,"21":4},"f":{"0":8,"1":4,"2":10},"b":{"0":[0,4]},"inputSourceMap":{"0":"{","1":"\"","2":"v","3":"e","4":"r","5":"s","6":"i","7":"o","8":"n","9":"\"","10":":","11":"3","12":",","13":"\"","14":"s","15":"o","16":"u","17":"r","18":"c","19":"e","20":"s","21":"\"","22":":","23":"[","24":"\"","25":"D","26":":","27":"/","28":"v","29":"u","30":"e","31":"3","32":".","33":"0","34":"+","35":"T","36":"S","37":"组","38":"件","39":"/","40":"v","41":"u","42":"e","43":"3","44":"-","45":"j","46":"s","47":"o","48":"n","49":"-","50":"s","51":"c","52":"h","53":"e","54":"m","55":"a","56":"-","57":"f","58":"o","59":"r","60":"m","61":"/","62":"l","63":"i","64":"b","65":"/","66":"f","67":"i","68":"e","69":"l","70":"d","71":"s","72":"/","73":"N","74":"u","75":"m","76":"b","77":"e","78":"r","79":"F","80":"i","81":"e","82":"l","83":"d","84":".","85":"v","86":"u","87":"e","88":"\"","89":"]","90":",","91":"\"","92":"n","93":"a","94":"m","95":"e","96":"s","97":"\"","98":":","99":"[","100":"]","101":",","102":"\"","103":"m","104":"a","105":"p","106":"p","107":"i","108":"n","109":"g","110":"s","111":"\"","112":":","113":"\"","114":";","115":";","116":";","117":";","118":";","119":";","120":";","121":";","122":";","123":";","124":";","125":";","126":";","127":";","128":";","129":";","130":";","131":";","132":";","133":";","134":";","135":";","136":";","137":";","138":";","139":";","140":";","141":";","142":";","143":";","144":";","145":";","146":";","147":";","148":";","149":";","150":";","151":";","152":"I","153":"A","154":"w","155":"B","156":"C","157":",","158":"I","159":"A","160":"A","161":"M","162":",","163":"Y","164":"A","165":"A","166":"Y","167":",","168":"G","169":"A","170":"A","171":"G","172":",","173":"U","174":"A","175":"A","176":"C","177":",","178":"C","179":"A","180":"A","181":"M","182":";","183":"M","184":"A","185":"C","186":"3","187":"B","188":",","189":"I","190":"A","191":"A","192":"M","193":",","194":"K","195":"A","196":"A","197":"K","198":",","199":"G","200":"A","201":"A","202":"G","203":",","204":"C","205":"A","206":"A","207":"C","208":",","209":"C","210":"A","211":"A","212":"C","213":",","214":"M","215":"A","216":"A","217":"M","218":",","219":"C","220":"A","221":"A","222":"C","223":",","224":"K","225":"A","226":"A","227":"K","228":";","229":"M","230":"A","231":"C","232":"5","233":"B","234":",","235":"I","236":"A","237":"A","238":"M","239":",","240":"G","241":"A","242":"A","243":"G","244":",","245":"G","246":"A","247":"A","248":"G","249":",","250":"M","251":"A","252":"A","253":"M","254":",","255":"C","256":"A","257":"A","258":"C","259":",","260":"K","261":"A","262":"A","263":"K","264":",","265":"C","266":"A","267":"A","268":"C","269":";","270":"M","271":"A","272":"C","273":"z","274":"B","275":",","276":"I","277":"A","278":"A","279":"I","280":",","281":"M","282":"A","283":"A","284":"M","285":",","286":"C","287":"A","288":"A","289":"C","290":",","291":"K","292":"A","293":"A","294":"K","295":",","296":"C","297":"A","298":"A","299":"C","300":",","301":"G","302":"A","303":"A","304":"G","305":",","306":"C","307":"A","308":"A","309":"C","310":",","311":"E","312":"A","313":"A","314":"E","315":";","316":"Q","317":"A","318":"C","319":"t","320":"B","321":",","322":"K","323":"A","324":"A","325":"K","326":",","327":"C","328":"A","329":"A","330":"C","331":",","332":"Q","333":"A","334":"A","335":"Q","336":",","337":"C","338":"A","339":"A","340":"C","341":",","342":"S","343":"A","344":"A","345":"S","346":",","347":"C","348":"A","349":"A","350":"C","351":";","352":"O","353":"A","354":"C","355":"z","356":"B","357":",","358":"M","359":"A","360":"A","361":"M","362":";","363":"Q","364":"A","365":"C","366":"N","367":",","368":"K","369":"A","370":"A","371":"K","372":",","373":"C","374":"A","375":"A","376":"C","377":",","378":"Q","379":"A","380":"A","381":"Q","382":",","383":"C","384":"A","385":"A","386":"C","387":",","388":"G","389":"A","390":"A","391":"G","392":",","393":"C","394":"A","395":"A","396":"C","397":";","398":";","399":"I","400":"A","401":"E","402":"r","403":"B","404":",","405":"C","406":"A","407":"A","408":"C","409":"\"","410":",","411":"\"","412":"f","413":"i","414":"l","415":"e","416":"\"","417":":","418":"\"","419":"D","420":":","421":"\\","422":"\\","423":"v","424":"u","425":"e","426":"3","427":".","428":"0","429":"+","430":"T","431":"S","432":"组","433":"件","434":"\\","435":"\\","436":"v","437":"u","438":"e","439":"3","440":"-","441":"j","442":"s","443":"o","444":"n","445":"-","446":"s","447":"c","448":"h","449":"e","450":"m","451":"a","452":"-","453":"f","454":"o","455":"r","456":"m","457":"\\","458":"\\","459":"l","460":"i","461":"b","462":"\\","463":"\\","464":"f","465":"i","466":"e","467":"l","468":"d","469":"s","470":"\\","471":"\\","472":"N","473":"u","474":"m","475":"b","476":"e","477":"r","478":"F","479":"i","480":"e","481":"l","482":"d","483":".","484":"v","485":"u","486":"e","487":"\"","488":",","489":"\"","490":"s","491":"o","492":"u","493":"r","494":"c","495":"e","496":"s","497":"C","498":"o","499":"n","500":"t","501":"e","502":"n","503":"t","504":"\"","505":":","506":"[","507":"\"","508":"<","509":"!","510":"-","511":"-","512":"\\","513":"r","514":"\\","515":"n","516":" ","517":"*","518":" ","519":"@","520":"A","521":"u","522":"t","523":"h","524":"o","525":"r","526":":","527":" ","528":"莫","529":"永","530":"金","531":" ","532":"m","533":"o","534":".","535":"y","536":"o","537":"n","538":"g","539":"j","540":"i","541":"n","542":"@","543":"b","544":"y","545":"d","546":".","547":"c","548":"o","549":"m","550":"\\","551":"r","552":"\\","553":"n","554":" ","555":"*","556":" ","557":"@","558":"D","559":"a","560":"t","561":"e","562":":","563":" ","564":"2","565":"0","566":"2","567":"3","568":"-","569":"0","570":"9","571":"-","572":"1","573":"4","574":" ","575":"1","576":"4","577":":","578":"0","579":"6","580":":","581":"1","582":"2","583":"\\","584":"r","585":"\\","586":"n","587":" ","588":"*","589":" ","590":"@","591":"L","592":"a","593":"s","594":"t","595":"E","596":"d","597":"i","598":"t","599":"o","600":"r","601":"s","602":":","603":" ","604":"莫","605":"永","606":"金","607":" ","608":"m","609":"o","610":".","611":"y","612":"o","613":"n","614":"g","615":"j","616":"i","617":"n","618":"@","619":"b","620":"y","621":"d","622":".","623":"c","624":"o","625":"m","626":"\\","627":"r","628":"\\","629":"n","630":" ","631":"*","632":" ","633":"@","634":"L","635":"a","636":"s","637":"t","638":"E","639":"d","640":"i","641":"t","642":"T","643":"i","644":"m","645":"e","646":":","647":" ","648":"2","649":"0","650":"2","651":"3","652":"-","653":"0","654":"9","655":"-","656":"2","657":"0","658":" ","659":"1","660":"1","661":":","662":"4","663":"2","664":":","665":"3","666":"0","667":"\\","668":"r","669":"\\","670":"n","671":" ","672":"*","673":" ","674":"@","675":"F","676":"i","677":"l","678":"e","679":"P","680":"a","681":"t","682":"h","683":":","684":" ","685":"\\","686":"\\","687":"v","688":"u","689":"e","690":"3","691":"-","692":"j","693":"s","694":"o","695":"n","696":"-","697":"s","698":"c","699":"h","700":"e","701":"m","702":"a","703":"-","704":"f","705":"o","706":"r","707":"m","708":"\\","709":"\\","710":"l","711":"i","712":"b","713":"\\","714":"\\","715":"f","716":"i","717":"e","718":"l","719":"d","720":"s","721":"\\","722":"\\","723":"N","724":"u","725":"m","726":"b","727":"e","728":"r","729":"F","730":"i","731":"e","732":"l","733":"d","734":".","735":"v","736":"u","737":"e","738":"\\","739":"r","740":"\\","741":"n","742":" ","743":"*","744":" ","745":"@","746":"D","747":"e","748":"s","749":"c","750":"r","751":"i","752":"p","753":"t","754":"i","755":"o","756":"n","757":":","758":" ","759":"这","760":"是","761":"默","762":"认","763":"设","764":"置","765":",","766":"请","767":"设","768":"置","769":"`","770":"c","771":"u","772":"s","773":"t","774":"o","775":"m","776":"M","777":"a","778":"d","779":"e","780":"`","781":",","782":" ","783":"打","784":"开","785":"k","786":"o","787":"r","788":"o","789":"F","790":"i","791":"l","792":"e","793":"H","794":"e","795":"a","796":"d","797":"e","798":"r","799":"查","800":"看","801":"配","802":"置","803":" ","804":"进","805":"行","806":"设","807":"置","808":":","809":" ","810":"h","811":"t","812":"t","813":"p","814":"s","815":":","816":"/","817":"/","818":"g","819":"i","820":"t","821":"h","822":"u","823":"b","824":".","825":"c","826":"o","827":"m","828":"/","829":"O","830":"B","831":"K","832":"o","833":"r","834":"o","835":"1","836":"/","837":"k","838":"o","839":"r","840":"o","841":"1","842":"F","843":"i","844":"l","845":"e","846":"H","847":"e","848":"a","849":"d","850":"e","851":"r","852":"/","853":"w","854":"i","855":"k","856":"i","857":"/","858":"%","859":"E","860":"9","861":"%","862":"8","863":"5","864":"%","865":"8","866":"D","867":"%","868":"E","869":"7","870":"%","871":"B","872":"D","873":"%","874":"A","875":"E","876":"\\","877":"r","878":"\\","879":"n","880":"-","881":"-","882":">","883":"\\","884":"r","885":"\\","886":"n","887":"<","888":"t","889":"e","890":"m","891":"p","892":"l","893":"a","894":"t","895":"e","896":">","897":"\\","898":"r","899":"\\","900":"n","901":"\\","902":"t","903":"<","904":"i","905":"n","906":"p","907":"u","908":"t","909":" ","910":"t","911":"y","912":"p","913":"e","914":"=","915":"\\","916":"\"","917":"n","918":"u","919":"m","920":"b","921":"e","922":"r","923":"\\","924":"\"","925":" ","926":":","927":"v","928":"a","929":"l","930":"u","931":"e","932":"=","933":"\\","934":"\"","935":"v","936":"a","937":"l","938":"u","939":"e","940":"\\","941":"\"","942":" ","943":"@","944":"i","945":"n","946":"p","947":"u","948":"t","949":"=","950":"\\","951":"\"","952":"h","953":"a","954":"n","955":"d","956":"l","957":"e","958":"C","959":"h","960":"a","961":"n","962":"g","963":"e","964":"\\","965":"\"","966":" ","967":"/","968":">","969":"\\","970":"r","971":"\\","972":"n","973":"<","974":"/","975":"t","976":"e","977":"m","978":"p","979":"l","980":"a","981":"t","982":"e","983":">","984":"\\","985":"r","986":"\\","987":"n","988":"\\","989":"r","990":"\\","991":"n","992":"<","993":"s","994":"c","995":"r","996":"i","997":"p","998":"t","999":" ","1000":"l","1001":"a","1002":"n","1003":"g","1004":"=","1005":"\\","1006":"\"","1007":"t","1008":"s","1009":"\\","1010":"\"","1011":" ","1012":"s","1013":"e","1014":"t","1015":"u","1016":"p","1017":"=","1018":"\\","1019":"\"","1020":"p","1021":"r","1022":"o","1023":"p","1024":"s","1025":"\\","1026":"\"","1027":">","1028":"\\","1029":"r","1030":"\\","1031":"n","1032":"\\","1033":"t","1034":"i","1035":"m","1036":"p","1037":"o","1038":"r","1039":"t","1040":" ","1041":"{","1042":" ","1043":"d","1044":"e","1045":"f","1046":"i","1047":"n","1048":"e","1049":"P","1050":"r","1051":"o","1052":"p","1053":"s","1054":" ","1055":"}","1056":" ","1057":"f","1058":"r","1059":"o","1060":"m","1061":" ","1062":"\\","1063":"\"","1064":"v","1065":"u","1066":"e","1067":"\\","1068":"\"","1069":";","1070":"\\","1071":"r","1072":"\\","1073":"n","1074":"\\","1075":"t","1076":"i","1077":"m","1078":"p","1079":"o","1080":"r","1081":"t","1082":" ","1083":"{","1084":" ","1085":"S","1086":"c","1087":"h","1088":"e","1089":"m","1090":"a","1091":",","1092":" ","1093":"U","1094":"I","1095":"S","1096":"c","1097":"h","1098":"e","1099":"m","1100":"a","1101":" ","1102":"}","1103":" ","1104":"f","1105":"r","1106":"o","1107":"m","1108":" ","1109":"\\","1110":"\"","1111":".","1112":".","1113":"/","1114":"t","1115":"y","1116":"p","1117":"e","1118":"s","1119":"\\","1120":"\"","1121":";","1122":"\\","1123":"r","1124":"\\","1125":"n","1126":"\\","1127":"t","1128":"e","1129":"x","1130":"p","1131":"o","1132":"r","1133":"t","1134":" ","1135":"i","1136":"n","1137":"t","1138":"e","1139":"r","1140":"f","1141":"a","1142":"c","1143":"e","1144":" ","1145":"P","1146":"r","1147":"o","1148":"p","1149":"s","1150":" ","1151":"{","1152":"\\","1153":"r","1154":"\\","1155":"n","1156":"\\","1157":"t","1158":"\\","1159":"t","1160":"s","1161":"c","1162":"h","1163":"e","1164":"m","1165":"a","1166":"?","1167":":","1168":" ","1169":"S","1170":"c","1171":"h","1172":"e","1173":"m","1174":"a","1175":";","1176":"\\","1177":"r","1178":"\\","1179":"n","1180":"\\","1181":"t","1182":"\\","1183":"t","1184":"u","1185":"i","1186":"S","1187":"c","1188":"h","1189":"e","1190":"m","1191":"a","1192":"?","1193":":","1194":" ","1195":"U","1196":"I","1197":"S","1198":"c","1199":"h","1200":"e","1201":"m","1202":"a","1203":";","1204":"\\","1205":"r","1206":"\\","1207":"n","1208":"\\","1209":"t","1210":"\\","1211":"t","1212":"v","1213":"a","1214":"l","1215":"u","1216":"e","1217":":","1218":" ","1219":"a","1220":"n","1221":"y","1222":";","1223":"\\","1224":"r","1225":"\\","1226":"n","1227":"\\","1228":"t","1229":"\\","1230":"t","1231":"o","1232":"n","1233":"C","1234":"h","1235":"a","1236":"n","1237":"g","1238":"e","1239":":","1240":" ","1241":"(","1242":"v","1243":":","1244":" ","1245":"a","1246":"n","1247":"y","1248":")","1249":" ","1250":"=","1251":">","1252":" ","1253":"v","1254":"o","1255":"i","1256":"d","1257":";","1258":"\\","1259":"r","1260":"\\","1261":"n","1262":"\\","1263":"t","1264":"\\","1265":"t","1266":"r","1267":"o","1268":"o","1269":"t","1270":"S","1271":"c","1272":"h","1273":"e","1274":"m","1275":"a","1276":":","1277":" ","1278":"S","1279":"c","1280":"h","1281":"e","1282":"m","1283":"a","1284":";","1285":"\\","1286":"r","1287":"\\","1288":"n","1289":"\\","1290":"t","1291":"\\","1292":"t","1293":"e","1294":"r","1295":"r","1296":"o","1297":"r","1298":"S","1299":"c","1300":"h","1301":"e","1302":"m","1303":"a","1304":":","1305":" ","1306":"S","1307":"c","1308":"h","1309":"e","1310":"m","1311":"a","1312":";","1313":"\\","1314":"r","1315":"\\","1316":"n","1317":"\\","1318":"t","1319":"}","1320":"\\","1321":"r","1322":"\\","1323":"n","1324":"\\","1325":"t","1326":"c","1327":"o","1328":"n","1329":"s","1330":"t","1331":" ","1332":"p","1333":"r","1334":"o","1335":"p","1336":"s","1337":" ","1338":"=","1339":" ","1340":"d","1341":"e","1342":"f","1343":"i","1344":"n","1345":"e","1346":"P","1347":"r","1348":"o","1349":"p","1350":"s","1351":"<","1352":"P","1353":"r","1354":"o","1355":"p","1356":"s","1357":">","1358":"(","1359":")","1360":";","1361":"\\","1362":"r","1363":"\\","1364":"n","1365":"\\","1366":"t","1367":"c","1368":"o","1369":"n","1370":"s","1371":"t","1372":" ","1373":"h","1374":"a","1375":"n","1376":"d","1377":"l","1378":"e","1379":"C","1380":"h","1381":"a","1382":"n","1383":"g","1384":"e","1385":" ","1386":"=","1387":" ","1388":"(","1389":"e","1390":":","1391":" ","1392":"a","1393":"n","1394":"y","1395":")","1396":" ","1397":"=","1398":">","1399":" ","1400":"{","1401":"\\","1402":"r","1403":"\\","1404":"n","1405":"\\","1406":"t","1407":"\\","1408":"t","1409":"c","1410":"o","1411":"n","1412":"s","1413":"t","1414":" ","1415":"v","1416":"a","1417":"l","1418":"u","1419":"e","1420":" ","1421":"=","1422":" ","1423":"e","1424":".","1425":"t","1426":"a","1427":"r","1428":"g","1429":"e","1430":"t","1431":".","1432":"v","1433":"a","1434":"l","1435":"u","1436":"e","1437":";","1438":"\\","1439":"r","1440":"\\","1441":"n","1442":"\\","1443":"t","1444":"\\","1445":"t","1446":"c","1447":"o","1448":"n","1449":"s","1450":"t","1451":" ","1452":"n","1453":"u","1454":"m","1455":" ","1456":"=","1457":" ","1458":"N","1459":"u","1460":"m","1461":"b","1462":"e","1463":"r","1464":"(","1465":"v","1466":"a","1467":"l","1468":"u","1469":"e","1470":")","1471":";","1472":"\\","1473":"r","1474":"\\","1475":"n","1476":"\\","1477":"t","1478":"\\","1479":"t","1480":"i","1481":"f","1482":" ","1483":"(","1484":"N","1485":"u","1486":"m","1487":"b","1488":"e","1489":"r","1490":".","1491":"i","1492":"s","1493":"N","1494":"a","1495":"N","1496":"(","1497":"n","1498":"u","1499":"m","1500":")","1501":")","1502":" ","1503":"{","1504":"\\","1505":"r","1506":"\\","1507":"n","1508":"\\","1509":"t","1510":"\\","1511":"t","1512":"\\","1513":"t","1514":"p","1515":"r","1516":"o","1517":"p","1518":"s","1519":".","1520":"o","1521":"n","1522":"C","1523":"h","1524":"a","1525":"n","1526":"g","1527":"e","1528":"(","1529":"u","1530":"n","1531":"d","1532":"e","1533":"f","1534":"i","1535":"n","1536":"e","1537":"d","1538":")","1539":";","1540":"\\","1541":"r","1542":"\\","1543":"n","1544":"\\","1545":"t","1546":"\\","1547":"t","1548":"}","1549":" ","1550":"e","1551":"l","1552":"s","1553":"e","1554":" ","1555":"{","1556":"\\","1557":"r","1558":"\\","1559":"n","1560":"\\","1561":"t","1562":"\\","1563":"t","1564":"\\","1565":"t","1566":"p","1567":"r","1568":"o","1569":"p","1570":"s","1571":".","1572":"o","1573":"n","1574":"C","1575":"h","1576":"a","1577":"n","1578":"g","1579":"e","1580":"(","1581":"n","1582":"u","1583":"m","1584":")","1585":";","1586":"\\","1587":"r","1588":"\\","1589":"n","1590":"\\","1591":"t","1592":"\\","1593":"t","1594":"}","1595":"\\","1596":"r","1597":"\\","1598":"n","1599":"\\","1600":"t","1601":"}","1602":";","1603":"\\","1604":"r","1605":"\\","1606":"n","1607":"<","1608":"/","1609":"s","1610":"c","1611":"r","1612":"i","1613":"p","1614":"t","1615":">","1616":"\\","1617":"r","1618":"\\","1619":"n","1620":"\"","1621":"]","1622":"}"},"_coverageSchema":"1a1c01bbd47fc00a2c39e90264f33305004495a9","hash":"a8071d617ac07bfc211947755b4e8684dce7ef12"}
,"D:\\vue3.0+TS组件\\vue3-json-schema-form\\lib\\fields\\ObjectFiled.tsx": {"path":"D:\\vue3.0+TS组件\\vue3-json-schema-form\\lib\\fields\\ObjectFiled.tsx","statementMap":{"0":{"start":{"line":9,"column":0},"end":{"line":9,"column":null}},"1":{"start":{"line":10,"column":0},"end":{"line":10,"column":null}},"2":{"start":{"line":11,"column":0},"end":{"line":11,"column":null}},"3":{"start":{"line":12,"column":0},"end":{"line":12,"column":null}},"4":{"start":{"line":14,"column":0},"end":{"line":46,"column":null}},"5":{"start":{"line":18,"column":18},"end":{"line":18,"column":34}},"6":{"start":{"line":19,"column":21},"end":{"line":19,"column":61}},"7":{"start":{"line":20,"column":34},"end":{"line":27,"column":3}},"8":{"start":{"line":22,"column":4},"end":{"line":22,"column":null}},"9":{"start":{"line":24,"column":4},"end":{"line":24,"column":null}},"10":{"start":{"line":26,"column":3},"end":{"line":26,"column":null}},"11":{"start":{"line":28,"column":2},"end":{"line":44,"column":null}},"12":{"start":{"line":29,"column":41},"end":{"line":29,"column":46}},"13":{"start":{"line":30,"column":26},"end":{"line":30,"column":33}},"14":{"start":{"line":31,"column":22},"end":{"line":31,"column":45}},"15":{"start":{"line":32,"column":29},"end":{"line":32,"column":57}},"16":{"start":{"line":33,"column":3},"end":{"line":43,"column":null}},"17":{"start":{"line":34,"column":4},"end":{"line":40,"column":null}},"18":{"start":{"line":40,"column":28},"end":{"line":40,"column":59}}},"fnMap":{"0":{"name":"(anonymous_0)","decl":{"start":{"line":17,"column":1},"end":{"line":17,"column":6}},"loc":{"start":{"line":17,"column":12},"end":{"line":45,"column":null}}},"1":{"name":"(anonymous_1)","decl":{"start":{"line":20,"column":34},"end":{"line":20,"column":35}},"loc":{"start":{"line":20,"column":56},"end":{"line":27,"column":3}}},"2":{"name":"(anonymous_2)","decl":{"start":{"line":28,"column":9},"end":{"line":28,"column":14}},"loc":{"start":{"line":28,"column":14},"end":{"line":44,"column":3}}},"3":{"name":"(anonymous_3)","decl":{"start":{"line":33,"column":38},"end":{"line":33,"column":39}},"loc":{"start":{"line":33,"column":69},"end":{"line":43,"column":4}}},"4":{"name":"(anonymous_4)","decl":{"start":{"line":40,"column":17},"end":{"line":40,"column":23}},"loc":{"start":{"line":40,"column":28},"end":{"line":40,"column":59}}}},"branchMap":{"0":{"loc":{"start":{"line":19,"column":21},"end":{"line":19,"column":61}},"type":"cond-expr","locations":[{"start":{"line":19,"column":45},"end":{"line":19,"column":56}},{"start":{"line":19,"column":59},"end":{"line":19,"column":61}}]},"1":{"loc":{"start":{"line":31,"column":22},"end":{"line":31,"column":45}},"type":"binary-expr","locations":[{"start":{"line":31,"column":22},"end":{"line":31,"column":39}},{"start":{"line":31,"column":43},"end":{"line":31,"column":45}}]},"2":{"loc":{"start":{"line":32,"column":29},"end":{"line":32,"column":57}},"type":"cond-expr","locations":[{"start":{"line":32,"column":47},"end":{"line":32,"column":52}},{"start":{"line":32,"column":55},"end":{"line":32,"column":57}}]}},"s":{"0":4,"1":4,"2":4,"3":4,"4":4,"5":6,"6":6,"7":6,"8":1,"9":3,"10":4,"11":6,"12":8,"13":8,"14":8,"15":8,"16":8,"17":14,"18":4},"f":{"0":6,"1":4,"2":8,"3":14,"4":4},"b":{"0":[3,3],"1":[8,1],"2":[5,3]}}
,"D:\\vue3.0+TS组件\\vue3-json-schema-form\\lib\\fields\\StringField.vue": {"path":"D:\\vue3.0+TS组件\\vue3-json-schema-form\\lib\\fields\\StringField.vue","statementMap":{"0":{"start":{"line":3,"column":0},"end":{"line":5,"column":3}},"1":{"start":{"line":6,"column":12},"end":{"line":6,"column":26}},"2":{"start":{"line":7,"column":0},"end":{"line":53,"column":3}},"3":{"start":{"line":36,"column":19},"end":{"line":36,"column":28}},"4":{"start":{"line":37,"column":4},"end":{"line":37,"column":15}},"5":{"start":{"line":38,"column":16},"end":{"line":38,"column":23}},"6":{"start":{"line":39,"column":23},"end":{"line":42,"column":5}},"7":{"start":{"line":40,"column":6},"end":{"line":40,"column":21}},"8":{"start":{"line":41,"column":6},"end":{"line":41,"column":37}},"9":{"start":{"line":43,"column":23},"end":{"line":46,"column":5}},"10":{"start":{"line":47,"column":4},"end":{"line":50,"column":7}},"11":{"start":{"line":51,"column":4},"end":{"line":51,"column":24}},"12":{"start":{"line":55,"column":0},"end":{"line":55,"column":62}},"13":{"start":{"line":56,"column":0},"end":{"line":56,"column":24}},"14":{"start":{"line":57,"column":12},"end":{"line":57,"column":26}},"15":{"start":{"line":58,"column":17},"end":{"line":58,"column":26}},"16":{"start":{"line":60,"column":4},"end":{"line":64,"column":58}},"17":{"start":{"line":66,"column":0},"end":{"line":66,"column":24}},"18":{"start":{"line":67,"column":1},"end":{"line":67,"column":48}}},"fnMap":{"0":{"name":"(anonymous_0)","decl":{"start":{"line":35,"column":9},"end":{"line":35,"column":10}},"loc":{"start":{"line":35,"column":32},"end":{"line":52,"column":3}},"line":35},"1":{"name":"(anonymous_1)","decl":{"start":{"line":39,"column":23},"end":{"line":39,"column":24}},"loc":{"start":{"line":39,"column":36},"end":{"line":42,"column":5}},"line":39},"2":{"name":"render","decl":{"start":{"line":59,"column":9},"end":{"line":59,"column":15}},"loc":{"start":{"line":59,"column":63},"end":{"line":65,"column":1}},"line":59}},"branchMap":{},"s":{"0":4,"1":4,"2":4,"3":8,"4":8,"5":8,"6":8,"7":1,"8":1,"9":8,"10":8,"11":8,"12":4,"13":4,"14":4,"15":4,"16":12,"17":4,"18":4},"f":{"0":8,"1":1,"2":12},"b":{},"inputSourceMap":{"0":"{","1":"\"","2":"v","3":"e","4":"r","5":"s","6":"i","7":"o","8":"n","9":"\"","10":":","11":"3","12":",","13":"\"","14":"s","15":"o","16":"u","17":"r","18":"c","19":"e","20":"s","21":"\"","22":":","23":"[","24":"\"","25":"D","26":":","27":"/","28":"v","29":"u","30":"e","31":"3","32":".","33":"0","34":"+","35":"T","36":"S","37":"组","38":"件","39":"/","40":"v","41":"u","42":"e","43":"3","44":"-","45":"j","46":"s","47":"o","48":"n","49":"-","50":"s","51":"c","52":"h","53":"e","54":"m","55":"a","56":"-","57":"f","58":"o","59":"r","60":"m","61":"/","62":"l","63":"i","64":"b","65":"/","66":"f","67":"i","68":"e","69":"l","70":"d","71":"s","72":"/","73":"S","74":"t","75":"r","76":"i","77":"n","78":"g","79":"F","80":"i","81":"e","82":"l","83":"d","84":".","85":"v","86":"u","87":"e","88":"\"","89":"]","90":",","91":"\"","92":"n","93":"a","94":"m","95":"e","96":"s","97":"\"","98":":","99":"[","100":"]","101":",","102":"\"","103":"m","104":"a","105":"p","106":"p","107":"i","108":"n","109":"g","110":"s","111":"\"","112":":","113":"\"","114":";","115":";","116":";","117":";","118":";","119":";","120":";","121":";","122":";","123":";","124":";","125":";","126":";","127":";","128":";","129":";","130":";","131":";","132":";","133":";","134":";","135":";","136":";","137":";","138":";","139":";","140":";","141":";","142":";","143":";","144":";","145":";","146":";","147":";","148":";","149":";","150":";","151":";","152":"I","153":"A","154":"y","155":"B","156":"C","157":",","158":"I","159":"A","160":"A","161":"M","162":",","163":"Y","164":"A","165":"A","166":"Y","167":",","168":"G","169":"A","170":"A","171":"G","172":",","173":"U","174":"A","175":"A","176":"C","177":",","178":"C","179":"A","180":"A","181":"M","182":";","183":"M","184":"A","185":"C","186":"3","187":"B","188":",","189":"O","190":"A","191":"A","192":"O","193":",","194":"C","195":"A","196":"A","197":"C","198":",","199":"G","200":"A","201":"A","202":"G","203":",","204":"C","205":"A","206":"A","207":"C","208":",","209":"C","210":"A","211":"A","212":"C","213":",","214":"C","215":"A","216":"A","217":"C","218":";","219":"M","220":"A","221":"C","222":"d","223":",","224":"K","225":"A","226":"A","227":"K","228":",","229":"C","230":"A","231":"A","232":"C","233":",","234":"Q","235":"A","236":"A","237":"Q","238":",","239":"C","240":"A","241":"A","242":"C","243":",","244":"C","245":"A","246":"A","247":"C","248":",","249":"C","250":"A","251":"A","252":"C","253":",","254":"M","255":"A","256":"A","257":"M","258":",","259":"C","260":"A","261":"A","262":"C","263":",","264":"K","265":"A","266":"A","267":"K","268":",","269":"C","270":"A","271":"A","272":"C","273":";","274":"I","275":"A","276":"C","277":"/","278":"B","279":",","280":"C","281":"A","282":"A","283":"C","284":"\"","285":",","286":"\"","287":"f","288":"i","289":"l","290":"e","291":"\"","292":":","293":"\"","294":"D","295":":","296":"\\","297":"\\","298":"v","299":"u","300":"e","301":"3","302":".","303":"0","304":"+","305":"T","306":"S","307":"组","308":"件","309":"\\","310":"\\","311":"v","312":"u","313":"e","314":"3","315":"-","316":"j","317":"s","318":"o","319":"n","320":"-","321":"s","322":"c","323":"h","324":"e","325":"m","326":"a","327":"-","328":"f","329":"o","330":"r","331":"m","332":"\\","333":"\\","334":"l","335":"i","336":"b","337":"\\","338":"\\","339":"f","340":"i","341":"e","342":"l","343":"d","344":"s","345":"\\","346":"\\","347":"S","348":"t","349":"r","350":"i","351":"n","352":"g","353":"F","354":"i","355":"e","356":"l","357":"d","358":".","359":"v","360":"u","361":"e","362":"\"","363":",","364":"\"","365":"s","366":"o","367":"u","368":"r","369":"c","370":"e","371":"s","372":"C","373":"o","374":"n","375":"t","376":"e","377":"n","378":"t","379":"\"","380":":","381":"[","382":"\"","383":"<","384":"!","385":"-","386":"-","387":"\\","388":"r","389":"\\","390":"n","391":" ","392":"*","393":" ","394":"@","395":"A","396":"u","397":"t","398":"h","399":"o","400":"r","401":":","402":" ","403":"莫","404":"永","405":"金","406":" ","407":"m","408":"o","409":".","410":"y","411":"o","412":"n","413":"g","414":"j","415":"i","416":"n","417":"@","418":"b","419":"y","420":"d","421":".","422":"c","423":"o","424":"m","425":"\\","426":"r","427":"\\","428":"n","429":" ","430":"*","431":" ","432":"@","433":"D","434":"a","435":"t","436":"e","437":":","438":" ","439":"2","440":"0","441":"2","442":"3","443":"-","444":"0","445":"9","446":"-","447":"1","448":"4","449":" ","450":"1","451":"0","452":":","453":"5","454":"7","455":":","456":"3","457":"1","458":"\\","459":"r","460":"\\","461":"n","462":" ","463":"*","464":" ","465":"@","466":"L","467":"a","468":"s","469":"t","470":"E","471":"d","472":"i","473":"t","474":"o","475":"r","476":"s","477":":","478":" ","479":"莫","480":"永","481":"金","482":" ","483":"m","484":"o","485":".","486":"y","487":"o","488":"n","489":"g","490":"j","491":"i","492":"n","493":"@","494":"b","495":"y","496":"d","497":".","498":"c","499":"o","500":"m","501":"\\","502":"r","503":"\\","504":"n","505":" ","506":"*","507":" ","508":"@","509":"L","510":"a","511":"s","512":"t","513":"E","514":"d","515":"i","516":"t","517":"T","518":"i","519":"m","520":"e","521":":","522":" ","523":"2","524":"0","525":"2","526":"3","527":"-","528":"0","529":"9","530":"-","531":"1","532":"8","533":" ","534":"2","535":"0","536":":","537":"0","538":"1","539":":","540":"1","541":"8","542":"\\","543":"r","544":"\\","545":"n","546":" ","547":"*","548":" ","549":"@","550":"F","551":"i","552":"l","553":"e","554":"P","555":"a","556":"t","557":"h","558":":","559":" ","560":"\\","561":"\\","562":"v","563":"u","564":"e","565":"3","566":"-","567":"j","568":"s","569":"o","570":"n","571":"-","572":"s","573":"c","574":"h","575":"e","576":"m","577":"a","578":"-","579":"f","580":"o","581":"r","582":"m","583":"\\","584":"\\","585":"l","586":"i","587":"b","588":"\\","589":"\\","590":"f","591":"i","592":"e","593":"l","594":"d","595":"s","596":"\\","597":"\\","598":"S","599":"t","600":"r","601":"i","602":"n","603":"g","604":"F","605":"i","606":"e","607":"l","608":"d","609":".","610":"v","611":"u","612":"e","613":"\\","614":"r","615":"\\","616":"n","617":" ","618":"*","619":" ","620":"@","621":"D","622":"e","623":"s","624":"c","625":"r","626":"i","627":"p","628":"t","629":"i","630":"o","631":"n","632":":","633":" ","634":"设","635":"置","636":":","637":" ","638":"h","639":"t","640":"t","641":"p","642":"s","643":":","644":"/","645":"/","646":"g","647":"i","648":"t","649":"h","650":"u","651":"b","652":".","653":"c","654":"o","655":"m","656":"/","657":"O","658":"B","659":"K","660":"o","661":"r","662":"o","663":"1","664":"/","665":"k","666":"o","667":"r","668":"o","669":"1","670":"F","671":"i","672":"l","673":"e","674":"H","675":"e","676":"a","677":"d","678":"e","679":"r","680":"/","681":"w","682":"i","683":"k","684":"i","685":"/","686":"%","687":"E","688":"9","689":"%","690":"8","691":"5","692":"%","693":"8","694":"D","695":"%","696":"E","697":"7","698":"%","699":"B","700":"D","701":"%","702":"A","703":"E","704":"\\","705":"r","706":"\\","707":"n","708":"-","709":"-","710":">","711":"\\","712":"r","713":"\\","714":"n","715":"<","716":"t","717":"e","718":"m","719":"p","720":"l","721":"a","722":"t","723":"e","724":">","725":"\\","726":"r","727":"\\","728":"n","729":"\\","730":"t","731":"<","732":"i","733":"n","734":"p","735":"u","736":"t","737":" ","738":"t","739":"y","740":"p","741":"e","742":"=","743":"\\","744":"\"","745":"t","746":"e","747":"x","748":"t","749":"\\","750":"\"","751":" ","752":":","753":"v","754":"a","755":"l","756":"u","757":"e","758":"=","759":"\\","760":"\"","761":"v","762":"a","763":"l","764":"u","765":"e","766":"\\","767":"\"","768":" ","769":"@","770":"i","771":"n","772":"p","773":"u","774":"t","775":"=","776":"\\","777":"\"","778":"h","779":"a","780":"n","781":"d","782":"l","783":"e","784":"C","785":"h","786":"a","787":"n","788":"g","789":"e","790":"\\","791":"\"","792":" ","793":"/","794":">","795":"\\","796":"r","797":"\\","798":"n","799":"<","800":"/","801":"t","802":"e","803":"m","804":"p","805":"l","806":"a","807":"t","808":"e","809":">","810":"\\","811":"r","812":"\\","813":"n","814":"\\","815":"r","816":"\\","817":"n","818":"<","819":"s","820":"c","821":"r","822":"i","823":"p","824":"t","825":" ","826":"l","827":"a","828":"n","829":"g","830":"=","831":"\\","832":"\"","833":"t","834":"s","835":"\\","836":"\"","837":" ","838":"s","839":"e","840":"t","841":"u","842":"p","843":"=","844":"\\","845":"\"","846":"p","847":"r","848":"o","849":"p","850":"s","851":"\\","852":"\"","853":">","854":"\\","855":"r","856":"\\","857":"n","858":"\\","859":"t","860":"i","861":"m","862":"p","863":"o","864":"r","865":"t","866":" ","867":"{","868":" ","869":"d","870":"e","871":"f","872":"i","873":"n","874":"e","875":"P","876":"r","877":"o","878":"p","879":"s","880":" ","881":"}","882":" ","883":"f","884":"r","885":"o","886":"m","887":" ","888":"\\","889":"\"","890":"v","891":"u","892":"e","893":"\\","894":"\"","895":";","896":"\\","897":"r","898":"\\","899":"n","900":"\\","901":"t","902":"i","903":"m","904":"p","905":"o","906":"r","907":"t","908":" ","909":"{","910":" ","911":"S","912":"c","913":"h","914":"e","915":"m","916":"a","917":",","918":" ","919":"U","920":"I","921":"S","922":"c","923":"h","924":"e","925":"m","926":"a","927":" ","928":"}","929":" ","930":"f","931":"r","932":"o","933":"m","934":" ","935":"\\","936":"\"","937":".","938":".","939":"/","940":"t","941":"y","942":"p","943":"e","944":"s","945":"\\","946":"\"","947":";","948":"\\","949":"r","950":"\\","951":"n","952":"\\","953":"t","954":"i","955":"n","956":"t","957":"e","958":"r","959":"f","960":"a","961":"c","962":"e","963":" ","964":"P","965":"r","966":"o","967":"p","968":"s","969":" ","970":"{","971":"\\","972":"r","973":"\\","974":"n","975":"\\","976":"t","977":"\\","978":"t","979":"s","980":"c","981":"h","982":"e","983":"m","984":"a","985":"?","986":":","987":" ","988":"S","989":"c","990":"h","991":"e","992":"m","993":"a","994":";","995":"\\","996":"r","997":"\\","998":"n","999":"\\","1000":"t","1001":"\\","1002":"t","1003":"u","1004":"i","1005":"S","1006":"c","1007":"h","1008":"e","1009":"m","1010":"a","1011":"?","1012":":","1013":" ","1014":"U","1015":"I","1016":"S","1017":"c","1018":"h","1019":"e","1020":"m","1021":"a","1022":";","1023":"\\","1024":"r","1025":"\\","1026":"n","1027":"\\","1028":"t","1029":"\\","1030":"t","1031":"v","1032":"a","1033":"l","1034":"u","1035":"e","1036":":","1037":" ","1038":"a","1039":"n","1040":"y","1041":";","1042":"\\","1043":"r","1044":"\\","1045":"n","1046":"\\","1047":"t","1048":"\\","1049":"t","1050":"o","1051":"n","1052":"C","1053":"h","1054":"a","1055":"n","1056":"g","1057":"e","1058":":","1059":" ","1060":"(","1061":"v","1062":":","1063":" ","1064":"a","1065":"n","1066":"y","1067":")","1068":" ","1069":"=","1070":">","1071":" ","1072":"v","1073":"o","1074":"i","1075":"d","1076":";","1077":"\\","1078":"r","1079":"\\","1080":"n","1081":"\\","1082":"t","1083":"\\","1084":"t","1085":"r","1086":"o","1087":"o","1088":"t","1089":"S","1090":"c","1091":"h","1092":"e","1093":"m","1094":"a","1095":":","1096":" ","1097":"S","1098":"c","1099":"h","1100":"e","1101":"m","1102":"a","1103":";","1104":"\\","1105":"r","1106":"\\","1107":"n","1108":"\\","1109":"t","1110":"\\","1111":"t","1112":"e","1113":"r","1114":"r","1115":"o","1116":"r","1117":"S","1118":"c","1119":"h","1120":"e","1121":"m","1122":"a","1123":":","1124":" ","1125":"S","1126":"c","1127":"h","1128":"e","1129":"m","1130":"a","1131":";","1132":"\\","1133":"r","1134":"\\","1135":"n","1136":"\\","1137":"t","1138":"}","1139":"\\","1140":"r","1141":"\\","1142":"n","1143":"\\","1144":"r","1145":"\\","1146":"n","1147":"\\","1148":"t","1149":"c","1150":"o","1151":"n","1152":"s","1153":"t","1154":" ","1155":"p","1156":"r","1157":"o","1158":"p","1159":"s","1160":" ","1161":"=","1162":" ","1163":"d","1164":"e","1165":"f","1166":"i","1167":"n","1168":"e","1169":"P","1170":"r","1171":"o","1172":"p","1173":"s","1174":"<","1175":"P","1176":"r","1177":"o","1178":"p","1179":"s","1180":">","1181":"(","1182":")","1183":";","1184":"\\","1185":"r","1186":"\\","1187":"n","1188":"\\","1189":"t","1190":"c","1191":"o","1192":"n","1193":"s","1194":"t","1195":" ","1196":"h","1197":"a","1198":"n","1199":"d","1200":"l","1201":"e","1202":"C","1203":"h","1204":"a","1205":"n","1206":"g","1207":"e","1208":" ","1209":"=","1210":" ","1211":"(","1212":"e","1213":":","1214":" ","1215":"a","1216":"n","1217":"y","1218":")","1219":" ","1220":"=","1221":">","1222":" ","1223":"{","1224":"\\","1225":"r","1226":"\\","1227":"n","1228":"\\","1229":"t","1230":"\\","1231":"t","1232":"c","1233":"o","1234":"n","1235":"s","1236":"o","1237":"l","1238":"e","1239":".","1240":"l","1241":"o","1242":"g","1243":"(","1244":"e","1245":")","1246":";","1247":"\\","1248":"r","1249":"\\","1250":"n","1251":"\\","1252":"t","1253":"\\","1254":"t","1255":"p","1256":"r","1257":"o","1258":"p","1259":"s","1260":".","1261":"o","1262":"n","1263":"C","1264":"h","1265":"a","1266":"n","1267":"g","1268":"e","1269":"(","1270":"e","1271":".","1272":"t","1273":"a","1274":"r","1275":"g","1276":"e","1277":"t","1278":".","1279":"v","1280":"a","1281":"l","1282":"u","1283":"e","1284":")","1285":";","1286":"\\","1287":"r","1288":"\\","1289":"n","1290":"\\","1291":"t","1292":"}","1293":";","1294":"\\","1295":"r","1296":"\\","1297":"n","1298":"<","1299":"/","1300":"s","1301":"c","1302":"r","1303":"i","1304":"p","1305":"t","1306":">","1307":"\\","1308":"r","1309":"\\","1310":"n","1311":"\"","1312":"]","1313":"}"},"_coverageSchema":"1a1c01bbd47fc00a2c39e90264f33305004495a9","hash":"eadf8a734c2ccdb4a54889eb9cc45b0fe1edab12"}
,"D:\\vue3.0+TS组件\\vue3-json-schema-form\\lib\\widgets\\Selection.tsx": {"path":"D:\\vue3.0+TS组件\\vue3-json-schema-form\\lib\\widgets\\Selection.tsx","statementMap":{"0":{"start":{"line":1,"column":0},"end":{"line":1,"column":null}},"1":{"start":{"line":3,"column":0},"end":{"line":54,"column":null}},"2":{"start":{"line":22,"column":26},"end":{"line":22,"column":42}},"3":{"start":{"line":24,"column":2},"end":{"line":28,"column":null}},"4":{"start":{"line":26,"column":4},"end":{"line":26,"column":null}},"5":{"start":{"line":30,"column":2},"end":{"line":37,"column":null}},"6":{"start":{"line":31,"column":9},"end":{"line":31,"column":20}},"7":{"start":{"line":34,"column":5},"end":{"line":34,"column":null}},"8":{"start":{"line":39,"column":2},"end":{"line":41,"column":null}},"9":{"start":{"line":40,"column":3},"end":{"line":40,"column":null}},"10":{"start":{"line":43,"column":2},"end":{"line":52,"column":null}},"11":{"start":{"line":44,"column":23},"end":{"line":44,"column":28}},"12":{"start":{"line":45,"column":3},"end":{"line":46,"column":null}},"13":{"start":{"line":46,"column":37},"end":{"line":46,"column":null}},"14":{"start":{"line":47,"column":21},"end":{"line":48,"column":null}}},"fnMap":{"0":{"name":"(anonymous_0)","decl":{"start":{"line":21,"column":1},"end":{"line":21,"column":6}},"loc":{"start":{"line":21,"column":12},"end":{"line":53,"column":null}}},"1":{"name":"(anonymous_1)","decl":{"start":{"line":24,"column":26},"end":{"line":24,"column":30}},"loc":{"start":{"line":24,"column":34},"end":{"line":28,"column":3}}},"2":{"name":"(anonymous_2)","decl":{"start":{"line":31,"column":3},"end":{"line":31,"column":9}},"loc":{"start":{"line":31,"column":9},"end":{"line":31,"column":20}}},"3":{"name":"(anonymous_3)","decl":{"start":{"line":32,"column":4},"end":{"line":32,"column":5}},"loc":{"start":{"line":32,"column":9},"end":{"line":36,"column":4}}},"4":{"name":"(anonymous_4)","decl":{"start":{"line":39,"column":14},"end":{"line":39,"column":19}},"loc":{"start":{"line":39,"column":19},"end":{"line":41,"column":3}}},"5":{"name":"(anonymous_5)","decl":{"start":{"line":43,"column":9},"end":{"line":43,"column":14}},"loc":{"start":{"line":43,"column":14},"end":{"line":52,"column":3}}},"6":{"name":"(anonymous_6)","decl":{"start":{"line":46,"column":26},"end":{"line":46,"column":37}},"loc":{"start":{"line":46,"column":37},"end":{"line":46,"column":null}}},"7":{"name":"(anonymous_7)","decl":{"start":{"line":47,"column":19},"end":{"line":47,"column":21}},"loc":{"start":{"line":47,"column":21},"end":{"line":48,"column":null}}}},"branchMap":{},"s":{"0":4,"1":4,"2":1,"3":1,"4":0,"5":1,"6":1,"7":0,"8":1,"9":1,"10":1,"11":1,"12":1,"13":0,"14":3},"f":{"0":1,"1":0,"2":1,"3":0,"4":1,"5":1,"6":0,"7":3},"b":{}}
}
