TN:
SF:lib\SchemaForm.tsx
FN:19,(anonymous_1)
FN:22,(anonymous_2)
FN:24,(anonymous_3)
FNF:3
FNH:3
FNDA:10,(anonymous_1)
FNDA:10,(anonymous_2)
FNDA:7,(anonymous_3)
DA:9,4
DA:12,4
DA:13,4
DA:14,4
DA:16,4
DA:20,10
DA:21,10
DA:22,10
DA:23,10
DA:24,10
DA:25,7
DA:27,10
LF:12
LH:12
BRF:0
BRH:0
end_of_record
TN:
SF:lib\SchemaItem.tsx
FN:20,(anonymous_1)
FN:21,(anonymous_2)
FN:25,(anonymous_3)
FNF:3
FNH:3
FNDA:26,(anonymous_1)
FNDA:30,(anonymous_2)
FNDA:32,(anonymous_3)
DA:9,4
DA:10,4
DA:11,4
DA:12,4
DA:13,4
DA:14,4
DA:15,4
DA:16,4
DA:17,4
DA:21,26
DA:22,30
DA:23,30
DA:25,26
DA:26,32
DA:27,32
DA:28,32
DA:33,10
DA:34,10
DA:36,12
DA:37,12
DA:39,6
DA:40,6
DA:42,4
DA:43,4
DA:46,0
DA:49,32
LF:26
LH:25
BRDA:32,0,0,10
BRDA:32,0,1,12
BRDA:32,0,2,6
BRF:3
BRH:3
end_of_record
TN:
SF:lib\context.ts
FN:13,useVJSFContext
FNF:1
FNH:1
FNDA:10,useVJSFContext
DA:1,4
DA:12,4
DA:13,4
DA:15,10
DA:17,0
DA:19,10
LF:6
LH:5
BRF:0
BRH:0
end_of_record
TN:
SF:lib\index.ts
FN:19,(anonymous_7)
FNF:1
FNH:1
FNDA:1,(anonymous_7)
DA:9,4
DA:10,4
DA:11,4
DA:12,4
DA:13,4
DA:15,4
DA:16,4
DA:17,4
DA:18,4
DA:19,5
DA:21,4
LF:11
LH:11
BRF:0
BRH:0
end_of_record
TN:
SF:lib\types.ts
FN:2,(anonymous_0)
FNF:1
FNH:1
FNDA:4,(anonymous_0)
DA:2,4
DA:3,4
DA:4,4
DA:5,4
DA:6,4
DA:7,4
DA:8,4
DA:46,4
LF:8
LH:8
BRDA:2,0,0,4
BRDA:2,0,1,4
BRF:2
BRH:2
end_of_record
TN:
SF:lib\utils.ts
FN:9,isObject
FN:13,isEmptyObject
FN:17,hasOwnProperty
FN:30,validateData
FN:39,resolveSchema
FN:56,(anonymous_6)
FN:66,retrieveSchema
FN:108,stubExistingAdditionalProperties
FN:121,(anonymous_9)
FN:162,resolveReference
FN:175,findSchemaDefinition
FN:194,resolveDependencies
FN:219,processDependencies
FN:264,withDependentProperties
FN:274,withDependentSchema
FN:297,(anonymous_16)
FN:311,withExactlyOneSubschema
FN:318,(anonymous_18)
FN:359,mergeSchemas
FN:361,(anonymous_20)
FN:394,getSchemaType
FN:411,(anonymous_22)
FN:443,guessType
FN:461,isConstant
FN:468,isSelect
FN:479,(anonymous_26)
FN:484,isMultiSelect
FN:497,getMatchingOption
FN:516,(anonymous_29)
FN:557,mergeDefaultsWithFormData
FN:562,(anonymous_31)
FN:570,(anonymous_32)
FNF:32
FNH:4
FNDA:44,isObject
FNDA:0,isEmptyObject
FNDA:90,hasOwnProperty
FNDA:0,validateData
FNDA:30,resolveSchema
FNDA:0,(anonymous_6)
FNDA:30,retrieveSchema
FNDA:0,stubExistingAdditionalProperties
FNDA:0,(anonymous_9)
FNDA:0,resolveReference
FNDA:0,findSchemaDefinition
FNDA:0,resolveDependencies
FNDA:0,processDependencies
FNDA:0,withDependentProperties
FNDA:0,withDependentSchema
FNDA:0,(anonymous_16)
FNDA:0,withExactlyOneSubschema
FNDA:0,(anonymous_18)
FNDA:0,mergeSchemas
FNDA:0,(anonymous_20)
FNDA:0,getSchemaType
FNDA:0,(anonymous_22)
FNDA:0,guessType
FNDA:0,isConstant
FNDA:0,isSelect
FNDA:0,(anonymous_26)
FNDA:0,isMultiSelect
FNDA:0,getMatchingOption
FNDA:0,(anonymous_29)
FNDA:0,mergeDefaultsWithFormData
FNDA:0,(anonymous_31)
FNDA:0,(anonymous_32)
DA:1,4
DA:5,4
DA:6,4
DA:7,4
DA:9,4
DA:10,44
DA:13,4
DA:14,0
DA:17,4
DA:22,90
DA:29,4
DA:30,4
DA:31,0
DA:32,0
DA:39,4
DA:45,0
DA:47,0
DA:52,0
DA:54,0
DA:57,0
DA:62,30
DA:66,4
DA:74,0
DA:76,30
DA:80,0
DA:86,0
DA:87,0
DA:88,0
DA:92,30
DA:96,0
DA:102,30
DA:103,30
DA:106,4
DA:108,4
DA:116,0
DA:121,0
DA:124,0
DA:129,0
DA:135,0
DA:137,0
DA:141,0
DA:143,0
DA:146,0
DA:164,0
DA:166,0
DA:168,0
DA:175,4
DA:176,0
DA:179,0
DA:181,0
DA:183,0
DA:185,0
DA:189,0
DA:191,0
DA:200,0
DA:202,0
DA:207,0
DA:212,0
DA:229,0
DA:236,0
DA:239,0
DA:241,0
DA:246,0
DA:254,0
DA:261,0
DA:266,0
DA:268,0
DA:271,0
DA:282,0
DA:287,0
DA:290,0
DA:292,0
DA:297,0
DA:298,0
DA:302,0
DA:318,0
DA:320,0
DA:323,0
DA:325,0
DA:332,0
DA:333,0
DA:337,0
DA:340,0
DA:343,0
DA:345,0
DA:346,0
DA:347,0
DA:359,4
DA:360,0
DA:361,0
DA:362,0
DA:363,0
DA:365,0
DA:377,0
DA:379,0
DA:381,0
DA:394,4
DA:395,0
DA:398,0
DA:402,0
DA:406,0
DA:409,0
DA:411,0
DA:414,0
DA:443,4
DA:445,0
DA:447,0
DA:449,0
DA:451,0
DA:453,0
DA:455,0
DA:458,0
DA:461,4
DA:462,0
DA:468,4
DA:474,0
DA:475,0
DA:477,0
DA:479,0
DA:481,0
DA:484,4
DA:491,0
DA:493,0
DA:497,4
DA:502,0
DA:503,0
DA:515,0
DA:516,0
DA:526,0
DA:529,0
DA:532,0
DA:536,0
DA:538,0
DA:540,0
DA:545,0
DA:548,0
DA:551,0
DA:554,0
DA:557,4
DA:560,0
DA:562,0
DA:564,0
DA:566,0
DA:569,0
DA:570,0
DA:571,0
DA:575,0
DA:578,0
DA:582,4
DA:589,0
DA:592,0
DA:603,0
DA:606,0
DA:609,0
DA:611,0
LF:155
LH:30
BRDA:10,0,0,44
BRDA:10,0,1,38
BRDA:10,0,2,38
BRDA:14,1,0,0
BRDA:14,1,1,0
BRDA:41,2,0,0
BRDA:42,3,0,0
BRDA:53,4,0,30
BRDA:53,4,1,0
BRDA:68,5,0,0
BRDA:71,6,0,12
BRDA:92,7,0,30
BRDA:92,7,1,0
BRDA:110,8,0,0
BRDA:113,9,0,0
BRDA:175,10,0,0
BRDA:200,11,0,0
BRDA:233,12,0,0
BRDA:233,12,1,0
BRDA:268,13,0,0
BRDA:268,13,1,0
BRDA:298,14,0,0
BRDA:298,14,1,0
BRDA:333,15,0,0
BRDA:333,15,1,0
BRDA:362,16,0,0
BRDA:362,16,1,0
BRDA:364,17,0,0
BRDA:364,17,1,0
BRDA:364,17,2,0
BRDA:367,18,0,0
BRDA:367,18,1,0
BRDA:367,18,2,0
BRDA:367,18,3,0
BRDA:367,18,4,0
BRDA:367,18,5,0
BRDA:367,18,6,0
BRDA:397,19,0,0
BRDA:397,19,1,0
BRDA:401,20,0,0
BRDA:401,20,1,0
BRDA:405,21,0,0
BRDA:405,21,1,0
BRDA:405,21,2,0
BRDA:410,22,0,0
BRDA:410,22,1,0
BRDA:410,22,2,0
BRDA:463,23,0,0
BRDA:463,23,1,0
BRDA:463,23,2,0
BRDA:470,24,0,0
BRDA:475,25,0,0
BRDA:475,25,1,0
BRDA:486,26,0,0
BRDA:490,27,0,0
BRDA:490,27,1,0
BRDA:572,28,0,0
BRDA:572,28,1,0
BRDA:605,29,0,0
BRDA:605,29,1,0
BRDA:608,30,0,0
BRDA:608,30,1,0
BRDA:608,30,2,0
BRDA:611,31,0,0
BRDA:611,31,1,0
BRF:65
BRH:6
end_of_record
TN:
SF:lib\fields\ArrayFiled.tsx
FN:44,(anonymous_1)
FN:45,(anonymous_2)
FN:48,(anonymous_3)
FN:55,(anonymous_4)
FN:63,(anonymous_5)
FN:71,(anonymous_6)
FN:79,(anonymous_7)
FN:112,(anonymous_8)
FN:114,(anonymous_9)
FN:121,(anonymous_10)
FN:125,(anonymous_11)
FN:129,(anonymous_12)
FN:137,(anonymous_13)
FN:142,(anonymous_14)
FN:163,(anonymous_15)
FN:171,(anonymous_16)
FN:178,(anonymous_17)
FN:185,(anonymous_18)
FN:189,(anonymous_19)
FN:190,(anonymous_20)
FN:198,(anonymous_21)
FN:207,(anonymous_22)
FNF:22
FNH:10
FNDA:4,(anonymous_1)
FNDA:0,(anonymous_2)
FNDA:6,(anonymous_3)
FNDA:0,(anonymous_4)
FNDA:0,(anonymous_5)
FNDA:0,(anonymous_6)
FNDA:0,(anonymous_7)
FNDA:4,(anonymous_8)
FNDA:1,(anonymous_9)
FNDA:0,(anonymous_10)
FNDA:0,(anonymous_11)
FNDA:0,(anonymous_12)
FNDA:0,(anonymous_13)
FNDA:0,(anonymous_14)
FNDA:5,(anonymous_15)
FNDA:2,(anonymous_16)
FNDA:0,(anonymous_17)
FNDA:6,(anonymous_18)
FNDA:0,(anonymous_19)
FNDA:6,(anonymous_20)
FNDA:1,(anonymous_21)
FNDA:3,(anonymous_22)
DA:9,4
DA:10,4
DA:11,4
DA:12,4
DA:13,4
DA:14,4
DA:32,4
DA:45,4
DA:46,0
DA:47,4
DA:48,4
DA:49,6
DA:50,6
DA:56,0
DA:64,0
DA:72,0
DA:80,0
DA:92,4
DA:109,4
DA:113,4
DA:114,4
DA:115,1
DA:116,1
DA:117,1
DA:118,1
DA:121,4
DA:122,0
DA:125,4
DA:126,0
DA:129,4
DA:130,0
DA:131,0
DA:132,0
DA:134,0
DA:137,4
DA:138,0
DA:139,0
DA:140,0
DA:142,4
DA:143,0
DA:144,0
DA:147,0
DA:148,0
DA:150,0
DA:151,0
DA:153,0
DA:154,0
DA:156,0
DA:157,0
DA:159,0
DA:161,0
DA:163,4
DA:164,5
DA:165,5
DA:166,5
DA:167,5
DA:168,5
DA:170,1
DA:171,1
DA:172,2
DA:179,0
DA:185,3
DA:186,6
DA:190,6
DA:199,1
DA:206,1
DA:207,3
DA:211,1
LF:68
LH:41
BRDA:86,0,0,6
BRDA:86,0,1,6
BRDA:116,1,0,1
BRDA:116,1,1,0
BRDA:130,2,0,0
BRDA:138,3,0,0
BRDA:144,4,0,0
BRDA:144,4,1,0
BRDA:146,5,0,0
BRDA:146,5,1,0
BRDA:146,5,2,0
BRDA:146,5,3,0
BRDA:146,5,4,0
BRDA:167,6,0,5
BRDA:167,6,1,5
BRDA:168,7,0,5
BRDA:168,7,1,0
BRF:17
BRH:6
end_of_record
TN:
SF:lib\fields\NumberField.vue
FN:35,(anonymous_0)
FN:39,(anonymous_1)
FN:64,render
FNF:3
FNH:3
FNDA:8,(anonymous_0)
FNDA:4,(anonymous_1)
FNDA:10,render
DA:3,4
DA:6,4
DA:7,4
DA:36,8
DA:37,8
DA:38,8
DA:39,8
DA:40,4
DA:41,4
DA:42,4
DA:43,0
DA:45,4
DA:48,8
DA:52,8
DA:56,8
DA:60,4
DA:61,4
DA:62,4
DA:63,4
DA:65,10
DA:71,4
DA:72,4
LF:22
LH:21
BRDA:42,0,0,0
BRDA:42,0,1,4
BRF:2
BRH:1
end_of_record
TN:
SF:lib\fields\ObjectFiled.tsx
FN:17,(anonymous_0)
FN:20,(anonymous_1)
FN:28,(anonymous_2)
FN:33,(anonymous_3)
FN:40,(anonymous_4)
FNF:5
FNH:5
FNDA:6,(anonymous_0)
FNDA:4,(anonymous_1)
FNDA:8,(anonymous_2)
FNDA:14,(anonymous_3)
FNDA:4,(anonymous_4)
DA:9,4
DA:10,4
DA:11,4
DA:12,4
DA:14,4
DA:18,6
DA:19,6
DA:20,6
DA:22,1
DA:24,3
DA:26,4
DA:28,6
DA:29,8
DA:30,8
DA:31,8
DA:32,8
DA:33,8
DA:34,14
DA:40,4
LF:19
LH:19
BRDA:19,0,0,3
BRDA:19,0,1,3
BRDA:31,1,0,8
BRDA:31,1,1,1
BRDA:32,2,0,5
BRDA:32,2,1,3
BRF:6
BRH:6
end_of_record
TN:
SF:lib\fields\StringField.vue
FN:35,(anonymous_0)
FN:39,(anonymous_1)
FN:59,render
FNF:3
FNH:3
FNDA:8,(anonymous_0)
FNDA:1,(anonymous_1)
FNDA:12,render
DA:3,4
DA:6,4
DA:7,4
DA:36,8
DA:37,8
DA:38,8
DA:39,8
DA:40,1
DA:41,1
DA:43,8
DA:47,8
DA:51,8
DA:55,4
DA:56,4
DA:57,4
DA:58,4
DA:60,12
DA:66,4
DA:67,4
LF:19
LH:19
BRF:0
BRH:0
end_of_record
TN:
SF:lib\widgets\Selection.tsx
FN:21,(anonymous_0)
FN:24,(anonymous_1)
FN:31,(anonymous_2)
FN:32,(anonymous_3)
FN:39,(anonymous_4)
FN:43,(anonymous_5)
FN:46,(anonymous_6)
FN:47,(anonymous_7)
FNF:8
FNH:5
FNDA:1,(anonymous_0)
FNDA:0,(anonymous_1)
FNDA:1,(anonymous_2)
FNDA:0,(anonymous_3)
FNDA:1,(anonymous_4)
FNDA:1,(anonymous_5)
FNDA:0,(anonymous_6)
FNDA:3,(anonymous_7)
DA:1,4
DA:3,4
DA:22,1
DA:24,1
DA:26,0
DA:30,1
DA:31,1
DA:34,0
DA:39,1
DA:40,1
DA:43,1
DA:44,1
DA:45,1
DA:46,0
DA:47,3
LF:15
LH:12
BRF:0
BRH:0
end_of_record
